
*** Running vivado
    with args -log CYX_ALU_Core.vds -m64 -product Vivado -mode batch -messageDb vivado.pb -notrace -source CYX_ALU_Core.tcl


****** Vivado v2019.1 (64-bit)
  **** SW Build 2552052 on Fri May 24 14:47:09 MDT 2019
  **** IP Build 2548770 on Fri May 24 18:01:18 MDT 2019
    ** Copyright 1986-2019 Xilinx, Inc. All Rights Reserved.

source CYX_ALU_Core.tcl -notrace
INFO: [IP_Flow 19-234] Refreshing IP repositories
INFO: [IP_Flow 19-1700] Loaded user IP repository '/home/cyx/Desktop/Ex2-Computer-Principles/CYX_IP_CATALOG'.
INFO: [IP_Flow 19-2313] Loaded Vivado IP repository '/tools/Xilinx/Vivado/2019.1/data/ip'.
Command: synth_design -top CYX_ALU_Core -part xc7a35tcpg236-1
Starting synth_design
Attempting to get a license for feature 'Synthesis' and/or device 'xc7a35t'
INFO: [Common 17-349] Got license for feature 'Synthesis' and/or device 'xc7a35t'
INFO: [Device 21-403] Loading part xc7a35tcpg236-1
INFO: Launching helper process for spawning children vivado processes
INFO: Helper process launched with PID 8208 
WARNING: [Synth 8-2292] literal value truncated to fit in 4 bits [/home/cyx/Desktop/Ex2-Computer-Principles/EDA2_TOP/EDA2_TOP.srcs/sources_1/new/CYX_ALU_Core.v:85]
---------------------------------------------------------------------------------
Starting RTL Elaboration : Time (s): cpu = 00:00:04 ; elapsed = 00:00:06 . Memory (MB): peak = 1721.488 ; gain = 158.652 ; free physical = 75 ; free virtual = 686
---------------------------------------------------------------------------------
INFO: [Synth 8-6157] synthesizing module 'CYX_ALU_Core' [/home/cyx/Desktop/Ex2-Computer-Principles/EDA2_TOP/EDA2_TOP.srcs/sources_1/new/CYX_ALU_Core.v:23]
INFO: [Synth 8-226] default block is never used [/home/cyx/Desktop/Ex2-Computer-Principles/EDA2_TOP/EDA2_TOP.srcs/sources_1/new/CYX_ALU_Core.v:68]
INFO: [Synth 8-6155] done synthesizing module 'CYX_ALU_Core' (1#1) [/home/cyx/Desktop/Ex2-Computer-Principles/EDA2_TOP/EDA2_TOP.srcs/sources_1/new/CYX_ALU_Core.v:23]
---------------------------------------------------------------------------------
Finished RTL Elaboration : Time (s): cpu = 00:00:06 ; elapsed = 00:00:08 . Memory (MB): peak = 1750.395 ; gain = 187.559 ; free physical = 150 ; free virtual = 719
---------------------------------------------------------------------------------

Report Check Netlist: 
+------+------------------+-------+---------+-------+------------------+
|      |Item              |Errors |Warnings |Status |Description       |
+------+------------------+-------+---------+-------+------------------+
|1     |multi_driven_nets |      0|        0|Passed |Multi driven nets |
+------+------------------+-------+---------+-------+------------------+
---------------------------------------------------------------------------------
Start Handling Custom Attributes
---------------------------------------------------------------------------------
---------------------------------------------------------------------------------
Finished Handling Custom Attributes : Time (s): cpu = 00:00:06 ; elapsed = 00:00:09 . Memory (MB): peak = 1768.207 ; gain = 205.371 ; free physical = 144 ; free virtual = 717
---------------------------------------------------------------------------------
---------------------------------------------------------------------------------
Finished RTL Optimization Phase 1 : Time (s): cpu = 00:00:06 ; elapsed = 00:00:09 . Memory (MB): peak = 1768.207 ; gain = 205.371 ; free physical = 144 ; free virtual = 717
---------------------------------------------------------------------------------
INFO: [Project 1-570] Preparing netlist for logic optimization

Processing XDC Constraints
Initializing timing engine
Parsing XDC File [/home/cyx/Desktop/Ex2-Computer-Principles/EDA2_TOP/EDA2_TOP.srcs/constrs_1/new/con_1.xdc]
WARNING: [Vivado 12-584] No ports matched 'digi[7]'. [/home/cyx/Desktop/Ex2-Computer-Principles/EDA2_TOP/EDA2_TOP.srcs/constrs_1/new/con_1.xdc:1]
CRITICAL WARNING: [Common 17-55] 'set_property' expects at least one object. [/home/cyx/Desktop/Ex2-Computer-Principles/EDA2_TOP/EDA2_TOP.srcs/constrs_1/new/con_1.xdc:1]
Resolution: If [get_<value>] was used to populate the object, check to make sure this command returns at least one valid object.
WARNING: [Vivado 12-584] No ports matched 'digi[6]'. [/home/cyx/Desktop/Ex2-Computer-Principles/EDA2_TOP/EDA2_TOP.srcs/constrs_1/new/con_1.xdc:2]
CRITICAL WARNING: [Common 17-55] 'set_property' expects at least one object. [/home/cyx/Desktop/Ex2-Computer-Principles/EDA2_TOP/EDA2_TOP.srcs/constrs_1/new/con_1.xdc:2]
Resolution: If [get_<value>] was used to populate the object, check to make sure this command returns at least one valid object.
WARNING: [Vivado 12-584] No ports matched 'digi[5]'. [/home/cyx/Desktop/Ex2-Computer-Principles/EDA2_TOP/EDA2_TOP.srcs/constrs_1/new/con_1.xdc:3]
CRITICAL WARNING: [Common 17-55] 'set_property' expects at least one object. [/home/cyx/Desktop/Ex2-Computer-Principles/EDA2_TOP/EDA2_TOP.srcs/constrs_1/new/con_1.xdc:3]
Resolution: If [get_<value>] was used to populate the object, check to make sure this command returns at least one valid object.
WARNING: [Vivado 12-584] No ports matched 'digi[4]'. [/home/cyx/Desktop/Ex2-Computer-Principles/EDA2_TOP/EDA2_TOP.srcs/constrs_1/new/con_1.xdc:4]
CRITICAL WARNING: [Common 17-55] 'set_property' expects at least one object. [/home/cyx/Desktop/Ex2-Computer-Principles/EDA2_TOP/EDA2_TOP.srcs/constrs_1/new/con_1.xdc:4]
Resolution: If [get_<value>] was used to populate the object, check to make sure this command returns at least one valid object.
WARNING: [Vivado 12-584] No ports matched 'digi[3]'. [/home/cyx/Desktop/Ex2-Computer-Principles/EDA2_TOP/EDA2_TOP.srcs/constrs_1/new/con_1.xdc:5]
CRITICAL WARNING: [Common 17-55] 'set_property' expects at least one object. [/home/cyx/Desktop/Ex2-Computer-Principles/EDA2_TOP/EDA2_TOP.srcs/constrs_1/new/con_1.xdc:5]
Resolution: If [get_<value>] was used to populate the object, check to make sure this command returns at least one valid object.
WARNING: [Vivado 12-584] No ports matched 'digi[2]'. [/home/cyx/Desktop/Ex2-Computer-Principles/EDA2_TOP/EDA2_TOP.srcs/constrs_1/new/con_1.xdc:6]
CRITICAL WARNING: [Common 17-55] 'set_property' expects at least one object. [/home/cyx/Desktop/Ex2-Computer-Principles/EDA2_TOP/EDA2_TOP.srcs/constrs_1/new/con_1.xdc:6]
Resolution: If [get_<value>] was used to populate the object, check to make sure this command returns at least one valid object.
WARNING: [Vivado 12-584] No ports matched 'digi[1]'. [/home/cyx/Desktop/Ex2-Computer-Principles/EDA2_TOP/EDA2_TOP.srcs/constrs_1/new/con_1.xdc:7]
CRITICAL WARNING: [Common 17-55] 'set_property' expects at least one object. [/home/cyx/Desktop/Ex2-Computer-Principles/EDA2_TOP/EDA2_TOP.srcs/constrs_1/new/con_1.xdc:7]
Resolution: If [get_<value>] was used to populate the object, check to make sure this command returns at least one valid object.
WARNING: [Vivado 12-584] No ports matched 'digi[0]'. [/home/cyx/Desktop/Ex2-Computer-Principles/EDA2_TOP/EDA2_TOP.srcs/constrs_1/new/con_1.xdc:8]
CRITICAL WARNING: [Common 17-55] 'set_property' expects at least one object. [/home/cyx/Desktop/Ex2-Computer-Principles/EDA2_TOP/EDA2_TOP.srcs/constrs_1/new/con_1.xdc:8]
Resolution: If [get_<value>] was used to populate the object, check to make sure this command returns at least one valid object.
WARNING: [Vivado 12-584] No ports matched 'EN[3]'. [/home/cyx/Desktop/Ex2-Computer-Principles/EDA2_TOP/EDA2_TOP.srcs/constrs_1/new/con_1.xdc:9]
CRITICAL WARNING: [Common 17-55] 'set_property' expects at least one object. [/home/cyx/Desktop/Ex2-Computer-Principles/EDA2_TOP/EDA2_TOP.srcs/constrs_1/new/con_1.xdc:9]
Resolution: If [get_<value>] was used to populate the object, check to make sure this command returns at least one valid object.
WARNING: [Vivado 12-584] No ports matched 'EN[2]'. [/home/cyx/Desktop/Ex2-Computer-Principles/EDA2_TOP/EDA2_TOP.srcs/constrs_1/new/con_1.xdc:10]
CRITICAL WARNING: [Common 17-55] 'set_property' expects at least one object. [/home/cyx/Desktop/Ex2-Computer-Principles/EDA2_TOP/EDA2_TOP.srcs/constrs_1/new/con_1.xdc:10]
Resolution: If [get_<value>] was used to populate the object, check to make sure this command returns at least one valid object.
WARNING: [Vivado 12-584] No ports matched 'EN[1]'. [/home/cyx/Desktop/Ex2-Computer-Principles/EDA2_TOP/EDA2_TOP.srcs/constrs_1/new/con_1.xdc:11]
CRITICAL WARNING: [Common 17-55] 'set_property' expects at least one object. [/home/cyx/Desktop/Ex2-Computer-Principles/EDA2_TOP/EDA2_TOP.srcs/constrs_1/new/con_1.xdc:11]
Resolution: If [get_<value>] was used to populate the object, check to make sure this command returns at least one valid object.
WARNING: [Vivado 12-584] No ports matched 'EN[0]'. [/home/cyx/Desktop/Ex2-Computer-Principles/EDA2_TOP/EDA2_TOP.srcs/constrs_1/new/con_1.xdc:12]
CRITICAL WARNING: [Common 17-55] 'set_property' expects at least one object. [/home/cyx/Desktop/Ex2-Computer-Principles/EDA2_TOP/EDA2_TOP.srcs/constrs_1/new/con_1.xdc:12]
Resolution: If [get_<value>] was used to populate the object, check to make sure this command returns at least one valid object.
WARNING: [Vivado 12-584] No ports matched 'scan[3]'. [/home/cyx/Desktop/Ex2-Computer-Principles/EDA2_TOP/EDA2_TOP.srcs/constrs_1/new/con_1.xdc:13]
CRITICAL WARNING: [Common 17-55] 'set_property' expects at least one object. [/home/cyx/Desktop/Ex2-Computer-Principles/EDA2_TOP/EDA2_TOP.srcs/constrs_1/new/con_1.xdc:13]
Resolution: If [get_<value>] was used to populate the object, check to make sure this command returns at least one valid object.
WARNING: [Vivado 12-584] No ports matched 'scan[2]'. [/home/cyx/Desktop/Ex2-Computer-Principles/EDA2_TOP/EDA2_TOP.srcs/constrs_1/new/con_1.xdc:14]
CRITICAL WARNING: [Common 17-55] 'set_property' expects at least one object. [/home/cyx/Desktop/Ex2-Computer-Principles/EDA2_TOP/EDA2_TOP.srcs/constrs_1/new/con_1.xdc:14]
Resolution: If [get_<value>] was used to populate the object, check to make sure this command returns at least one valid object.
WARNING: [Vivado 12-584] No ports matched 'scan[1]'. [/home/cyx/Desktop/Ex2-Computer-Principles/EDA2_TOP/EDA2_TOP.srcs/constrs_1/new/con_1.xdc:15]
CRITICAL WARNING: [Common 17-55] 'set_property' expects at least one object. [/home/cyx/Desktop/Ex2-Computer-Principles/EDA2_TOP/EDA2_TOP.srcs/constrs_1/new/con_1.xdc:15]
Resolution: If [get_<value>] was used to populate the object, check to make sure this command returns at least one valid object.
WARNING: [Vivado 12-584] No ports matched 'scan[0]'. [/home/cyx/Desktop/Ex2-Computer-Principles/EDA2_TOP/EDA2_TOP.srcs/constrs_1/new/con_1.xdc:16]
CRITICAL WARNING: [Common 17-55] 'set_property' expects at least one object. [/home/cyx/Desktop/Ex2-Computer-Principles/EDA2_TOP/EDA2_TOP.srcs/constrs_1/new/con_1.xdc:16]
Resolution: If [get_<value>] was used to populate the object, check to make sure this command returns at least one valid object.
WARNING: [Vivado 12-584] No ports matched 'scan_res[3]'. [/home/cyx/Desktop/Ex2-Computer-Principles/EDA2_TOP/EDA2_TOP.srcs/constrs_1/new/con_1.xdc:17]
CRITICAL WARNING: [Common 17-55] 'set_property' expects at least one object. [/home/cyx/Desktop/Ex2-Computer-Principles/EDA2_TOP/EDA2_TOP.srcs/constrs_1/new/con_1.xdc:17]
Resolution: If [get_<value>] was used to populate the object, check to make sure this command returns at least one valid object.
WARNING: [Vivado 12-584] No ports matched 'scan_res[2]'. [/home/cyx/Desktop/Ex2-Computer-Principles/EDA2_TOP/EDA2_TOP.srcs/constrs_1/new/con_1.xdc:18]
CRITICAL WARNING: [Common 17-55] 'set_property' expects at least one object. [/home/cyx/Desktop/Ex2-Computer-Principles/EDA2_TOP/EDA2_TOP.srcs/constrs_1/new/con_1.xdc:18]
Resolution: If [get_<value>] was used to populate the object, check to make sure this command returns at least one valid object.
WARNING: [Vivado 12-584] No ports matched 'scan_res[1]'. [/home/cyx/Desktop/Ex2-Computer-Principles/EDA2_TOP/EDA2_TOP.srcs/constrs_1/new/con_1.xdc:19]
CRITICAL WARNING: [Common 17-55] 'set_property' expects at least one object. [/home/cyx/Desktop/Ex2-Computer-Principles/EDA2_TOP/EDA2_TOP.srcs/constrs_1/new/con_1.xdc:19]
Resolution: If [get_<value>] was used to populate the object, check to make sure this command returns at least one valid object.
WARNING: [Vivado 12-584] No ports matched 'scan_res[0]'. [/home/cyx/Desktop/Ex2-Computer-Principles/EDA2_TOP/EDA2_TOP.srcs/constrs_1/new/con_1.xdc:20]
CRITICAL WARNING: [Common 17-55] 'set_property' expects at least one object. [/home/cyx/Desktop/Ex2-Computer-Principles/EDA2_TOP/EDA2_TOP.srcs/constrs_1/new/con_1.xdc:20]
Resolution: If [get_<value>] was used to populate the object, check to make sure this command returns at least one valid object.
WARNING: [Vivado 12-584] No ports matched 'clk100m'. [/home/cyx/Desktop/Ex2-Computer-Principles/EDA2_TOP/EDA2_TOP.srcs/constrs_1/new/con_1.xdc:21]
CRITICAL WARNING: [Common 17-55] 'set_property' expects at least one object. [/home/cyx/Desktop/Ex2-Computer-Principles/EDA2_TOP/EDA2_TOP.srcs/constrs_1/new/con_1.xdc:21]
Resolution: If [get_<value>] was used to populate the object, check to make sure this command returns at least one valid object.
WARNING: [Vivado 12-584] No ports matched 'state[2]'. [/home/cyx/Desktop/Ex2-Computer-Principles/EDA2_TOP/EDA2_TOP.srcs/constrs_1/new/con_1.xdc:22]
CRITICAL WARNING: [Common 17-55] 'set_property' expects at least one object. [/home/cyx/Desktop/Ex2-Computer-Principles/EDA2_TOP/EDA2_TOP.srcs/constrs_1/new/con_1.xdc:22]
Resolution: If [get_<value>] was used to populate the object, check to make sure this command returns at least one valid object.
WARNING: [Vivado 12-584] No ports matched 'state[1]'. [/home/cyx/Desktop/Ex2-Computer-Principles/EDA2_TOP/EDA2_TOP.srcs/constrs_1/new/con_1.xdc:23]
CRITICAL WARNING: [Common 17-55] 'set_property' expects at least one object. [/home/cyx/Desktop/Ex2-Computer-Principles/EDA2_TOP/EDA2_TOP.srcs/constrs_1/new/con_1.xdc:23]
Resolution: If [get_<value>] was used to populate the object, check to make sure this command returns at least one valid object.
WARNING: [Vivado 12-584] No ports matched 'state[0]'. [/home/cyx/Desktop/Ex2-Computer-Principles/EDA2_TOP/EDA2_TOP.srcs/constrs_1/new/con_1.xdc:24]
CRITICAL WARNING: [Common 17-55] 'set_property' expects at least one object. [/home/cyx/Desktop/Ex2-Computer-Principles/EDA2_TOP/EDA2_TOP.srcs/constrs_1/new/con_1.xdc:24]
Resolution: If [get_<value>] was used to populate the object, check to make sure this command returns at least one valid object.
WARNING: [Vivado 12-584] No ports matched 'digi[7]'. [/home/cyx/Desktop/Ex2-Computer-Principles/EDA2_TOP/EDA2_TOP.srcs/constrs_1/new/con_1.xdc:26]
CRITICAL WARNING: [Common 17-55] 'set_property' expects at least one object. [/home/cyx/Desktop/Ex2-Computer-Principles/EDA2_TOP/EDA2_TOP.srcs/constrs_1/new/con_1.xdc:26]
Resolution: If [get_<value>] was used to populate the object, check to make sure this command returns at least one valid object.
WARNING: [Vivado 12-584] No ports matched 'digi[6]'. [/home/cyx/Desktop/Ex2-Computer-Principles/EDA2_TOP/EDA2_TOP.srcs/constrs_1/new/con_1.xdc:27]
CRITICAL WARNING: [Common 17-55] 'set_property' expects at least one object. [/home/cyx/Desktop/Ex2-Computer-Principles/EDA2_TOP/EDA2_TOP.srcs/constrs_1/new/con_1.xdc:27]
Resolution: If [get_<value>] was used to populate the object, check to make sure this command returns at least one valid object.
WARNING: [Vivado 12-584] No ports matched 'digi[5]'. [/home/cyx/Desktop/Ex2-Computer-Principles/EDA2_TOP/EDA2_TOP.srcs/constrs_1/new/con_1.xdc:28]
CRITICAL WARNING: [Common 17-55] 'set_property' expects at least one object. [/home/cyx/Desktop/Ex2-Computer-Principles/EDA2_TOP/EDA2_TOP.srcs/constrs_1/new/con_1.xdc:28]
Resolution: If [get_<value>] was used to populate the object, check to make sure this command returns at least one valid object.
WARNING: [Vivado 12-584] No ports matched 'digi[4]'. [/home/cyx/Desktop/Ex2-Computer-Principles/EDA2_TOP/EDA2_TOP.srcs/constrs_1/new/con_1.xdc:29]
CRITICAL WARNING: [Common 17-55] 'set_property' expects at least one object. [/home/cyx/Desktop/Ex2-Computer-Principles/EDA2_TOP/EDA2_TOP.srcs/constrs_1/new/con_1.xdc:29]
Resolution: If [get_<value>] was used to populate the object, check to make sure this command returns at least one valid object.
WARNING: [Vivado 12-584] No ports matched 'digi[3]'. [/home/cyx/Desktop/Ex2-Computer-Principles/EDA2_TOP/EDA2_TOP.srcs/constrs_1/new/con_1.xdc:30]
CRITICAL WARNING: [Common 17-55] 'set_property' expects at least one object. [/home/cyx/Desktop/Ex2-Computer-Principles/EDA2_TOP/EDA2_TOP.srcs/constrs_1/new/con_1.xdc:30]
Resolution: If [get_<value>] was used to populate the object, check to make sure this command returns at least one valid object.
WARNING: [Vivado 12-584] No ports matched 'digi[2]'. [/home/cyx/Desktop/Ex2-Computer-Principles/EDA2_TOP/EDA2_TOP.srcs/constrs_1/new/con_1.xdc:31]
CRITICAL WARNING: [Common 17-55] 'set_property' expects at least one object. [/home/cyx/Desktop/Ex2-Computer-Principles/EDA2_TOP/EDA2_TOP.srcs/constrs_1/new/con_1.xdc:31]
Resolution: If [get_<value>] was used to populate the object, check to make sure this command returns at least one valid object.
WARNING: [Vivado 12-584] No ports matched 'digi[1]'. [/home/cyx/Desktop/Ex2-Computer-Principles/EDA2_TOP/EDA2_TOP.srcs/constrs_1/new/con_1.xdc:32]
CRITICAL WARNING: [Common 17-55] 'set_property' expects at least one object. [/home/cyx/Desktop/Ex2-Computer-Principles/EDA2_TOP/EDA2_TOP.srcs/constrs_1/new/con_1.xdc:32]
Resolution: If [get_<value>] was used to populate the object, check to make sure this command returns at least one valid object.
WARNING: [Vivado 12-584] No ports matched 'digi[0]'. [/home/cyx/Desktop/Ex2-Computer-Principles/EDA2_TOP/EDA2_TOP.srcs/constrs_1/new/con_1.xdc:33]
CRITICAL WARNING: [Common 17-55] 'set_property' expects at least one object. [/home/cyx/Desktop/Ex2-Computer-Principles/EDA2_TOP/EDA2_TOP.srcs/constrs_1/new/con_1.xdc:33]
Resolution: If [get_<value>] was used to populate the object, check to make sure this command returns at least one valid object.
WARNING: [Vivado 12-584] No ports matched 'scan[3]'. [/home/cyx/Desktop/Ex2-Computer-Principles/EDA2_TOP/EDA2_TOP.srcs/constrs_1/new/con_1.xdc:34]
CRITICAL WARNING: [Common 17-55] 'set_property' expects at least one object. [/home/cyx/Desktop/Ex2-Computer-Principles/EDA2_TOP/EDA2_TOP.srcs/constrs_1/new/con_1.xdc:34]
Resolution: If [get_<value>] was used to populate the object, check to make sure this command returns at least one valid object.
WARNING: [Vivado 12-584] No ports matched 'scan[2]'. [/home/cyx/Desktop/Ex2-Computer-Principles/EDA2_TOP/EDA2_TOP.srcs/constrs_1/new/con_1.xdc:35]
CRITICAL WARNING: [Common 17-55] 'set_property' expects at least one object. [/home/cyx/Desktop/Ex2-Computer-Principles/EDA2_TOP/EDA2_TOP.srcs/constrs_1/new/con_1.xdc:35]
Resolution: If [get_<value>] was used to populate the object, check to make sure this command returns at least one valid object.
WARNING: [Vivado 12-584] No ports matched 'scan[1]'. [/home/cyx/Desktop/Ex2-Computer-Principles/EDA2_TOP/EDA2_TOP.srcs/constrs_1/new/con_1.xdc:36]
CRITICAL WARNING: [Common 17-55] 'set_property' expects at least one object. [/home/cyx/Desktop/Ex2-Computer-Principles/EDA2_TOP/EDA2_TOP.srcs/constrs_1/new/con_1.xdc:36]
Resolution: If [get_<value>] was used to populate the object, check to make sure this command returns at least one valid object.
WARNING: [Vivado 12-584] No ports matched 'scan[0]'. [/home/cyx/Desktop/Ex2-Computer-Principles/EDA2_TOP/EDA2_TOP.srcs/constrs_1/new/con_1.xdc:37]
CRITICAL WARNING: [Common 17-55] 'set_property' expects at least one object. [/home/cyx/Desktop/Ex2-Computer-Principles/EDA2_TOP/EDA2_TOP.srcs/constrs_1/new/con_1.xdc:37]
Resolution: If [get_<value>] was used to populate the object, check to make sure this command returns at least one valid object.
WARNING: [Vivado 12-584] No ports matched 'scan_res[3]'. [/home/cyx/Desktop/Ex2-Computer-Principles/EDA2_TOP/EDA2_TOP.srcs/constrs_1/new/con_1.xdc:38]
CRITICAL WARNING: [Common 17-55] 'set_property' expects at least one object. [/home/cyx/Desktop/Ex2-Computer-Principles/EDA2_TOP/EDA2_TOP.srcs/constrs_1/new/con_1.xdc:38]
Resolution: If [get_<value>] was used to populate the object, check to make sure this command returns at least one valid object.
WARNING: [Vivado 12-584] No ports matched 'scan_res[2]'. [/home/cyx/Desktop/Ex2-Computer-Principles/EDA2_TOP/EDA2_TOP.srcs/constrs_1/new/con_1.xdc:39]
CRITICAL WARNING: [Common 17-55] 'set_property' expects at least one object. [/home/cyx/Desktop/Ex2-Computer-Principles/EDA2_TOP/EDA2_TOP.srcs/constrs_1/new/con_1.xdc:39]
Resolution: If [get_<value>] was used to populate the object, check to make sure this command returns at least one valid object.
WARNING: [Vivado 12-584] No ports matched 'scan_res[1]'. [/home/cyx/Desktop/Ex2-Computer-Principles/EDA2_TOP/EDA2_TOP.srcs/constrs_1/new/con_1.xdc:40]
CRITICAL WARNING: [Common 17-55] 'set_property' expects at least one object. [/home/cyx/Desktop/Ex2-Computer-Principles/EDA2_TOP/EDA2_TOP.srcs/constrs_1/new/con_1.xdc:40]
Resolution: If [get_<value>] was used to populate the object, check to make sure this command returns at least one valid object.
WARNING: [Vivado 12-584] No ports matched 'scan_res[0]'. [/home/cyx/Desktop/Ex2-Computer-Principles/EDA2_TOP/EDA2_TOP.srcs/constrs_1/new/con_1.xdc:41]
CRITICAL WARNING: [Common 17-55] 'set_property' expects at least one object. [/home/cyx/Desktop/Ex2-Computer-Principles/EDA2_TOP/EDA2_TOP.srcs/constrs_1/new/con_1.xdc:41]
Resolution: If [get_<value>] was used to populate the object, check to make sure this command returns at least one valid object.
WARNING: [Vivado 12-584] No ports matched 'state[2]'. [/home/cyx/Desktop/Ex2-Computer-Principles/EDA2_TOP/EDA2_TOP.srcs/constrs_1/new/con_1.xdc:42]
CRITICAL WARNING: [Common 17-55] 'set_property' expects at least one object. [/home/cyx/Desktop/Ex2-Computer-Principles/EDA2_TOP/EDA2_TOP.srcs/constrs_1/new/con_1.xdc:42]
Resolution: If [get_<value>] was used to populate the object, check to make sure this command returns at least one valid object.
WARNING: [Vivado 12-584] No ports matched 'state[1]'. [/home/cyx/Desktop/Ex2-Computer-Principles/EDA2_TOP/EDA2_TOP.srcs/constrs_1/new/con_1.xdc:43]
CRITICAL WARNING: [Common 17-55] 'set_property' expects at least one object. [/home/cyx/Desktop/Ex2-Computer-Principles/EDA2_TOP/EDA2_TOP.srcs/constrs_1/new/con_1.xdc:43]
Resolution: If [get_<value>] was used to populate the object, check to make sure this command returns at least one valid object.
WARNING: [Vivado 12-584] No ports matched 'state[0]'. [/home/cyx/Desktop/Ex2-Computer-Principles/EDA2_TOP/EDA2_TOP.srcs/constrs_1/new/con_1.xdc:44]
CRITICAL WARNING: [Common 17-55] 'set_property' expects at least one object. [/home/cyx/Desktop/Ex2-Computer-Principles/EDA2_TOP/EDA2_TOP.srcs/constrs_1/new/con_1.xdc:44]
Resolution: If [get_<value>] was used to populate the object, check to make sure this command returns at least one valid object.
WARNING: [Vivado 12-584] No ports matched 'EN[3]'. [/home/cyx/Desktop/Ex2-Computer-Principles/EDA2_TOP/EDA2_TOP.srcs/constrs_1/new/con_1.xdc:45]
CRITICAL WARNING: [Common 17-55] 'set_property' expects at least one object. [/home/cyx/Desktop/Ex2-Computer-Principles/EDA2_TOP/EDA2_TOP.srcs/constrs_1/new/con_1.xdc:45]
Resolution: If [get_<value>] was used to populate the object, check to make sure this command returns at least one valid object.
WARNING: [Vivado 12-584] No ports matched 'EN[2]'. [/home/cyx/Desktop/Ex2-Computer-Principles/EDA2_TOP/EDA2_TOP.srcs/constrs_1/new/con_1.xdc:46]
CRITICAL WARNING: [Common 17-55] 'set_property' expects at least one object. [/home/cyx/Desktop/Ex2-Computer-Principles/EDA2_TOP/EDA2_TOP.srcs/constrs_1/new/con_1.xdc:46]
Resolution: If [get_<value>] was used to populate the object, check to make sure this command returns at least one valid object.
WARNING: [Vivado 12-584] No ports matched 'EN[1]'. [/home/cyx/Desktop/Ex2-Computer-Principles/EDA2_TOP/EDA2_TOP.srcs/constrs_1/new/con_1.xdc:47]
CRITICAL WARNING: [Common 17-55] 'set_property' expects at least one object. [/home/cyx/Desktop/Ex2-Computer-Principles/EDA2_TOP/EDA2_TOP.srcs/constrs_1/new/con_1.xdc:47]
Resolution: If [get_<value>] was used to populate the object, check to make sure this command returns at least one valid object.
WARNING: [Vivado 12-584] No ports matched 'EN[0]'. [/home/cyx/Desktop/Ex2-Computer-Principles/EDA2_TOP/EDA2_TOP.srcs/constrs_1/new/con_1.xdc:48]
CRITICAL WARNING: [Common 17-55] 'set_property' expects at least one object. [/home/cyx/Desktop/Ex2-Computer-Principles/EDA2_TOP/EDA2_TOP.srcs/constrs_1/new/con_1.xdc:48]
Resolution: If [get_<value>] was used to populate the object, check to make sure this command returns at least one valid object.
WARNING: [Vivado 12-584] No ports matched 'clk100m'. [/home/cyx/Desktop/Ex2-Computer-Principles/EDA2_TOP/EDA2_TOP.srcs/constrs_1/new/con_1.xdc:49]
CRITICAL WARNING: [Common 17-55] 'set_property' expects at least one object. [/home/cyx/Desktop/Ex2-Computer-Principles/EDA2_TOP/EDA2_TOP.srcs/constrs_1/new/con_1.xdc:49]
Resolution: If [get_<value>] was used to populate the object, check to make sure this command returns at least one valid object.
Finished Parsing XDC File [/home/cyx/Desktop/Ex2-Computer-Principles/EDA2_TOP/EDA2_TOP.srcs/constrs_1/new/con_1.xdc]
Completed Processing XDC Constraints

Netlist sorting complete. Time (s): cpu = 00:00:00 ; elapsed = 00:00:00 . Memory (MB): peak = 1859.902 ; gain = 0.000 ; free physical = 67 ; free virtual = 629
INFO: [Project 1-111] Unisim Transformation Summary:
No Unisim elements were transformed.

WARNING: [Constraints 18-5210] No constraints selected for write.
Resolution: This message can indicate that there are no constraints for the design, or it can indicate that the used_in flags are set such that the constraints are ignored. This later case is used when running synth_design to not write synthesis constraints to the resulting checkpoint. Instead, project constraints are read when the synthesized design is opened.
Constraint Validation Runtime : Time (s): cpu = 00:00:00.08 ; elapsed = 00:00:00.16 . Memory (MB): peak = 1865.840 ; gain = 5.938 ; free physical = 75 ; free virtual = 626
---------------------------------------------------------------------------------
Finished Constraint Validation : Time (s): cpu = 00:00:13 ; elapsed = 00:00:19 . Memory (MB): peak = 1865.840 ; gain = 303.004 ; free physical = 103 ; free virtual = 688
---------------------------------------------------------------------------------
---------------------------------------------------------------------------------
Start Loading Part and Timing Information
---------------------------------------------------------------------------------
Loading part: xc7a35tcpg236-1
---------------------------------------------------------------------------------
Finished Loading Part and Timing Information : Time (s): cpu = 00:00:13 ; elapsed = 00:00:19 . Memory (MB): peak = 1865.840 ; gain = 303.004 ; free physical = 103 ; free virtual = 688
---------------------------------------------------------------------------------
---------------------------------------------------------------------------------
Start Applying 'set_property' XDC Constraints
---------------------------------------------------------------------------------
---------------------------------------------------------------------------------
Finished applying 'set_property' XDC Constraints : Time (s): cpu = 00:00:13 ; elapsed = 00:00:19 . Memory (MB): peak = 1865.840 ; gain = 303.004 ; free physical = 104 ; free virtual = 690
---------------------------------------------------------------------------------
---------------------------------------------------------------------------------
Finished RTL Optimization Phase 2 : Time (s): cpu = 00:00:13 ; elapsed = 00:00:20 . Memory (MB): peak = 1865.840 ; gain = 303.004 ; free physical = 92 ; free virtual = 682
---------------------------------------------------------------------------------

Report RTL Partitions: 
+-+--------------+------------+----------+
| |RTL Partition |Replication |Instances |
+-+--------------+------------+----------+
+-+--------------+------------+----------+
---------------------------------------------------------------------------------
Start RTL Component Statistics 
---------------------------------------------------------------------------------
Detailed RTL Component Info : 
+---Adders : 
	   2 Input     32 Bit       Adders := 3     
	   3 Input      2 Bit       Adders := 1     
+---XORs : 
	   2 Input      1 Bit         XORs := 1     
+---Muxes : 
	   2 Input     32 Bit        Muxes := 2     
	   4 Input     32 Bit        Muxes := 1     
	   4 Input      1 Bit        Muxes := 3     
---------------------------------------------------------------------------------
Finished RTL Component Statistics 
---------------------------------------------------------------------------------
---------------------------------------------------------------------------------
Start RTL Hierarchical Component Statistics 
---------------------------------------------------------------------------------
Hierarchical RTL Component report 
Module CYX_ALU_Core 
Detailed RTL Component Info : 
+---Adders : 
	   2 Input     32 Bit       Adders := 3     
	   3 Input      2 Bit       Adders := 1     
+---XORs : 
	   2 Input      1 Bit         XORs := 1     
+---Muxes : 
	   2 Input     32 Bit        Muxes := 2     
	   4 Input     32 Bit        Muxes := 1     
	   4 Input      1 Bit        Muxes := 3     
---------------------------------------------------------------------------------
Finished RTL Hierarchical Component Statistics
---------------------------------------------------------------------------------
---------------------------------------------------------------------------------
Start Part Resource Summary
---------------------------------------------------------------------------------
Part Resources:
DSPs: 90 (col length:60)
BRAMs: 100 (col length: RAMB18 60 RAMB36 30)
---------------------------------------------------------------------------------
Finished Part Resource Summary
---------------------------------------------------------------------------------
---------------------------------------------------------------------------------
Start Cross Boundary and Area Optimization
---------------------------------------------------------------------------------
Warning: Parallel synthesis criteria is not met 
---------------------------------------------------------------------------------
Finished Cross Boundary and Area Optimization : Time (s): cpu = 00:00:24 ; elapsed = 00:00:32 . Memory (MB): peak = 1865.840 ; gain = 303.004 ; free physical = 106 ; free virtual = 659
---------------------------------------------------------------------------------

Report RTL Partitions: 
+-+--------------+------------+----------+
| |RTL Partition |Replication |Instances |
+-+--------------+------------+----------+
+-+--------------+------------+----------+
---------------------------------------------------------------------------------
Start Applying XDC Timing Constraints
---------------------------------------------------------------------------------
---------------------------------------------------------------------------------
Finished Applying XDC Timing Constraints : Time (s): cpu = 00:00:32 ; elapsed = 00:00:40 . Memory (MB): peak = 1865.840 ; gain = 303.004 ; free physical = 79 ; free virtual = 539
---------------------------------------------------------------------------------
---------------------------------------------------------------------------------
Start Timing Optimization
---------------------------------------------------------------------------------
---------------------------------------------------------------------------------
Finished Timing Optimization : Time (s): cpu = 00:00:32 ; elapsed = 00:00:40 . Memory (MB): peak = 1865.840 ; gain = 303.004 ; free physical = 77 ; free virtual = 538
---------------------------------------------------------------------------------

Report RTL Partitions: 
+-+--------------+------------+----------+
| |RTL Partition |Replication |Instances |
+-+--------------+------------+----------+
+-+--------------+------------+----------+
---------------------------------------------------------------------------------
Start Technology Mapping
---------------------------------------------------------------------------------
---------------------------------------------------------------------------------
Finished Technology Mapping : Time (s): cpu = 00:00:32 ; elapsed = 00:00:40 . Memory (MB): peak = 1866.848 ; gain = 304.012 ; free physical = 71 ; free virtual = 537
---------------------------------------------------------------------------------

Report RTL Partitions: 
+-+--------------+------------+----------+
| |RTL Partition |Replication |Instances |
+-+--------------+------------+----------+
+-+--------------+------------+----------+
---------------------------------------------------------------------------------
Start IO Insertion
---------------------------------------------------------------------------------
---------------------------------------------------------------------------------
Start Flattening Before IO Insertion
---------------------------------------------------------------------------------
---------------------------------------------------------------------------------
Finished Flattening Before IO Insertion
---------------------------------------------------------------------------------
---------------------------------------------------------------------------------
Start Final Netlist Cleanup
---------------------------------------------------------------------------------
---------------------------------------------------------------------------------
Finished Final Netlist Cleanup
---------------------------------------------------------------------------------
---------------------------------------------------------------------------------
Finished IO Insertion : Time (s): cpu = 00:00:34 ; elapsed = 00:00:43 . Memory (MB): peak = 1880.723 ; gain = 317.887 ; free physical = 69 ; free virtual = 519
---------------------------------------------------------------------------------

Report Check Netlist: 
+------+------------------+-------+---------+-------+------------------+
|      |Item              |Errors |Warnings |Status |Description       |
+------+------------------+-------+---------+-------+------------------+
|1     |multi_driven_nets |      0|        0|Passed |Multi driven nets |
+------+------------------+-------+---------+-------+------------------+
---------------------------------------------------------------------------------
Start Renaming Generated Instances
---------------------------------------------------------------------------------
---------------------------------------------------------------------------------
Finished Renaming Generated Instances : Time (s): cpu = 00:00:34 ; elapsed = 00:00:43 . Memory (MB): peak = 1880.723 ; gain = 317.887 ; free physical = 69 ; free virtual = 519
---------------------------------------------------------------------------------

Report RTL Partitions: 
+-+--------------+------------+----------+
| |RTL Partition |Replication |Instances |
+-+--------------+------------+----------+
+-+--------------+------------+----------+
---------------------------------------------------------------------------------
Start Rebuilding User Hierarchy
---------------------------------------------------------------------------------
---------------------------------------------------------------------------------
Finished Rebuilding User Hierarchy : Time (s): cpu = 00:00:34 ; elapsed = 00:00:43 . Memory (MB): peak = 1880.723 ; gain = 317.887 ; free physical = 68 ; free virtual = 519
---------------------------------------------------------------------------------
---------------------------------------------------------------------------------
Start Renaming Generated Ports
---------------------------------------------------------------------------------
---------------------------------------------------------------------------------
Finished Renaming Generated Ports : Time (s): cpu = 00:00:34 ; elapsed = 00:00:43 . Memory (MB): peak = 1880.723 ; gain = 317.887 ; free physical = 68 ; free virtual = 518
---------------------------------------------------------------------------------
---------------------------------------------------------------------------------
Start Handling Custom Attributes
---------------------------------------------------------------------------------
---------------------------------------------------------------------------------
Finished Handling Custom Attributes : Time (s): cpu = 00:00:34 ; elapsed = 00:00:43 . Memory (MB): peak = 1880.723 ; gain = 317.887 ; free physical = 68 ; free virtual = 519
---------------------------------------------------------------------------------
---------------------------------------------------------------------------------
Start Renaming Generated Nets
---------------------------------------------------------------------------------
---------------------------------------------------------------------------------
Finished Renaming Generated Nets : Time (s): cpu = 00:00:34 ; elapsed = 00:00:43 . Memory (MB): peak = 1880.723 ; gain = 317.887 ; free physical = 68 ; free virtual = 518
---------------------------------------------------------------------------------
---------------------------------------------------------------------------------
Start Writing Synthesis Report
---------------------------------------------------------------------------------

Report BlackBoxes: 
+-+--------------+----------+
| |BlackBox name |Instances |
+-+--------------+----------+
+-+--------------+----------+

Report Cell Usage: 
+------+-------+------+
|      |Cell   |Count |
+------+-------+------+
|1     |CARRY4 |    24|
|2     |LUT1   |    64|
|3     |LUT2   |     1|
|4     |LUT3   |    62|
|5     |LUT4   |     5|
|6     |LUT5   |    37|
|7     |LUT6   |    32|
|8     |IBUF   |    68|
|9     |OBUF   |    36|
+------+-------+------+

Report Instance Areas: 
+------+---------+-------+------+
|      |Instance |Module |Cells |
+------+---------+-------+------+
|1     |top      |       |   329|
+------+---------+-------+------+
---------------------------------------------------------------------------------
Finished Writing Synthesis Report : Time (s): cpu = 00:00:34 ; elapsed = 00:00:43 . Memory (MB): peak = 1880.723 ; gain = 317.887 ; free physical = 67 ; free virtual = 519
---------------------------------------------------------------------------------
Synthesis finished with 0 errors, 0 critical warnings and 0 warnings.
Synthesis Optimization Runtime : Time (s): cpu = 00:00:32 ; elapsed = 00:00:40 . Memory (MB): peak = 1880.723 ; gain = 220.254 ; free physical = 116 ; free virtual = 567
Synthesis Optimization Complete : Time (s): cpu = 00:00:34 ; elapsed = 00:00:43 . Memory (MB): peak = 1880.730 ; gain = 317.887 ; free physical = 114 ; free virtual = 569
INFO: [Project 1-571] Translating synthesized netlist
INFO: [Netlist 29-17] Analyzing 24 Unisim elements for replacement
INFO: [Netlist 29-28] Unisim Transformation completed in 0 CPU seconds
INFO: [Project 1-570] Preparing netlist for logic optimization
INFO: [Opt 31-138] Pushed 0 inverter(s) to 0 load pin(s).
Netlist sorting complete. Time (s): cpu = 00:00:00 ; elapsed = 00:00:00 . Memory (MB): peak = 1892.629 ; gain = 0.000 ; free physical = 77 ; free virtual = 515
INFO: [Project 1-111] Unisim Transformation Summary:
No Unisim elements were transformed.

INFO: [Common 17-83] Releasing license: Synthesis
17 Infos, 50 Warnings, 48 Critical Warnings and 0 Errors encountered.
synth_design completed successfully
synth_design: Time (s): cpu = 00:00:40 ; elapsed = 00:00:52 . Memory (MB): peak = 1892.629 ; gain = 518.992 ; free physical = 171 ; free virtual = 614
Netlist sorting complete. Time (s): cpu = 00:00:00 ; elapsed = 00:00:00 . Memory (MB): peak = 1892.629 ; gain = 0.000 ; free physical = 169 ; free virtual = 614
WARNING: [Constraints 18-5210] No constraints selected for write.
Resolution: This message can indicate that there are no constraints for the design, or it can indicate that the used_in flags are set such that the constraints are ignored. This later case is used when running synth_design to not write synthesis constraints to the resulting checkpoint. Instead, project constraints are read when the synthesized design is opened.
INFO: [Common 17-1381] The checkpoint '/home/cyx/Desktop/Ex2-Computer-Principles/EDA2_TOP/EDA2_TOP.runs/synth_1/CYX_ALU_Core.dcp' has been generated.
INFO: [runtcl-4] Executing : report_utilization -file CYX_ALU_Core_utilization_synth.rpt -pb CYX_ALU_Core_utilization_synth.pb
INFO: [Common 17-206] Exiting Vivado at Sun Mar 22 11:47:04 2020...
