#-----------------------------------------------------------
# Vivado v2019.1 (64-bit)
# SW Build 2552052 on Fri May 24 14:47:09 MDT 2019
# IP Build 2548770 on Fri May 24 18:01:18 MDT 2019
# Start of session at: Sat Mar 21 18:34:54 2020
# Process ID: 39318
# Current directory: /home/cyx/Desktop/Ex2-Computer-Principles
# Command line: vivado
# Log file: /home/cyx/Desktop/Ex2-Computer-Principles/vivado.log
# Journal file: /home/cyx/Desktop/Ex2-Computer-Principles/vivado.jou
#-----------------------------------------------------------
start_gui
open_project /home/cyx/Desktop/Ex2-Computer-Principles/EDA2_TOP/EDA2_TOP.xpr
INFO: [Project 1-313] Project file moved from '/home/cyx/Desktop/EDA2/EDA2_TOP' since last save.
Scanning sources...
Finished scanning sources
INFO: [IP_Flow 19-234] Refreshing IP repositories
INFO: [IP_Flow 19-1700] Loaded user IP repository '/home/cyx/Desktop/Ex2-Computer-Principles/CYX_IP_CATALOG'.
INFO: [IP_Flow 19-2313] Loaded Vivado IP repository '/tools/Xilinx/Vivado/2019.1/data/ip'.
open_project: Time (s): cpu = 00:00:18 ; elapsed = 00:00:20 . Memory (MB): peak = 6421.387 ; gain = 100.801 ; free physical = 89 ; free virtual = 1097
update_compile_order -fileset sources_1
close [ open /home/cyx/Desktop/Ex2-Computer-Principles/EDA2_TOP/EDA2_TOP.srcs/sources_1/new/CYX_ALU_Core.v w ]
add_files /home/cyx/Desktop/Ex2-Computer-Principles/EDA2_TOP/EDA2_TOP.srcs/sources_1/new/CYX_ALU_Core.v
update_compile_order -fileset sources_1
set_property top CYX_ALU_Core [current_fileset]
update_compile_order -fileset sources_1
synth_design -rtl -name rtl_1
Command: synth_design -rtl -name rtl_1
Starting synth_design
Using part: xc7a35tcpg236-1
Top: CYX_ALU_Core
INFO: [Device 21-403] Loading part xc7a35tcpg236-1
WARNING: [Synth 8-2292] literal value truncated to fit in 4 bits [/home/cyx/Desktop/Ex2-Computer-Principles/EDA2_TOP/EDA2_TOP.srcs/sources_1/new/CYX_ALU_Core.v:83]
---------------------------------------------------------------------------------
Starting RTL Elaboration : Time (s): cpu = 00:00:07 ; elapsed = 00:00:11 . Memory (MB): peak = 7076.480 ; gain = 150.637 ; free physical = 62 ; free virtual = 538
---------------------------------------------------------------------------------
INFO: [Synth 8-6157] synthesizing module 'CYX_ALU_Core' [/home/cyx/Desktop/Ex2-Computer-Principles/EDA2_TOP/EDA2_TOP.srcs/sources_1/new/CYX_ALU_Core.v:23]
INFO: [Synth 8-226] default block is never used [/home/cyx/Desktop/Ex2-Computer-Principles/EDA2_TOP/EDA2_TOP.srcs/sources_1/new/CYX_ALU_Core.v:66]
WARNING: [Synth 8-3848] Net CARRY_TO_32 in module/entity CYX_ALU_Core does not have driver. [/home/cyx/Desktop/Ex2-Computer-Principles/EDA2_TOP/EDA2_TOP.srcs/sources_1/new/CYX_ALU_Core.v:52]
INFO: [Synth 8-6155] done synthesizing module 'CYX_ALU_Core' (1#1) [/home/cyx/Desktop/Ex2-Computer-Principles/EDA2_TOP/EDA2_TOP.srcs/sources_1/new/CYX_ALU_Core.v:23]
---------------------------------------------------------------------------------
Finished RTL Elaboration : Time (s): cpu = 00:00:08 ; elapsed = 00:00:14 . Memory (MB): peak = 7107.418 ; gain = 181.574 ; free physical = 134 ; free virtual = 561
---------------------------------------------------------------------------------

Report Check Netlist: 
+------+------------------+-------+---------+-------+------------------+
|      |Item              |Errors |Warnings |Status |Description       |
+------+------------------+-------+---------+-------+------------------+
|1     |multi_driven_nets |      0|        0|Passed |Multi driven nets |
+------+------------------+-------+---------+-------+------------------+
---------------------------------------------------------------------------------
Start Handling Custom Attributes
---------------------------------------------------------------------------------
---------------------------------------------------------------------------------
Finished Handling Custom Attributes : Time (s): cpu = 00:00:09 ; elapsed = 00:00:15 . Memory (MB): peak = 7125.230 ; gain = 199.387 ; free physical = 112 ; free virtual = 556
---------------------------------------------------------------------------------
---------------------------------------------------------------------------------
Finished RTL Optimization Phase 1 : Time (s): cpu = 00:00:09 ; elapsed = 00:00:15 . Memory (MB): peak = 7125.230 ; gain = 199.387 ; free physical = 112 ; free virtual = 556
---------------------------------------------------------------------------------
INFO: [Project 1-570] Preparing netlist for logic optimization

Processing XDC Constraints
Initializing timing engine
Parsing XDC File [/home/cyx/Desktop/Ex2-Computer-Principles/EDA2_TOP/EDA2_TOP.srcs/constrs_1/new/con_1.xdc]
WARNING: [Vivado 12-584] No ports matched 'digi[7]'. [/home/cyx/Desktop/Ex2-Computer-Principles/EDA2_TOP/EDA2_TOP.srcs/constrs_1/new/con_1.xdc:1]
CRITICAL WARNING: [Common 17-55] 'set_property' expects at least one object. [/home/cyx/Desktop/Ex2-Computer-Principles/EDA2_TOP/EDA2_TOP.srcs/constrs_1/new/con_1.xdc:1]
Resolution: If [get_<value>] was used to populate the object, check to make sure this command returns at least one valid object.
WARNING: [Vivado 12-584] No ports matched 'digi[6]'. [/home/cyx/Desktop/Ex2-Computer-Principles/EDA2_TOP/EDA2_TOP.srcs/constrs_1/new/con_1.xdc:2]
CRITICAL WARNING: [Common 17-55] 'set_property' expects at least one object. [/home/cyx/Desktop/Ex2-Computer-Principles/EDA2_TOP/EDA2_TOP.srcs/constrs_1/new/con_1.xdc:2]
Resolution: If [get_<value>] was used to populate the object, check to make sure this command returns at least one valid object.
WARNING: [Vivado 12-584] No ports matched 'digi[5]'. [/home/cyx/Desktop/Ex2-Computer-Principles/EDA2_TOP/EDA2_TOP.srcs/constrs_1/new/con_1.xdc:3]
CRITICAL WARNING: [Common 17-55] 'set_property' expects at least one object. [/home/cyx/Desktop/Ex2-Computer-Principles/EDA2_TOP/EDA2_TOP.srcs/constrs_1/new/con_1.xdc:3]
Resolution: If [get_<value>] was used to populate the object, check to make sure this command returns at least one valid object.
WARNING: [Vivado 12-584] No ports matched 'digi[4]'. [/home/cyx/Desktop/Ex2-Computer-Principles/EDA2_TOP/EDA2_TOP.srcs/constrs_1/new/con_1.xdc:4]
CRITICAL WARNING: [Common 17-55] 'set_property' expects at least one object. [/home/cyx/Desktop/Ex2-Computer-Principles/EDA2_TOP/EDA2_TOP.srcs/constrs_1/new/con_1.xdc:4]
Resolution: If [get_<value>] was used to populate the object, check to make sure this command returns at least one valid object.
WARNING: [Vivado 12-584] No ports matched 'digi[3]'. [/home/cyx/Desktop/Ex2-Computer-Principles/EDA2_TOP/EDA2_TOP.srcs/constrs_1/new/con_1.xdc:5]
CRITICAL WARNING: [Common 17-55] 'set_property' expects at least one object. [/home/cyx/Desktop/Ex2-Computer-Principles/EDA2_TOP/EDA2_TOP.srcs/constrs_1/new/con_1.xdc:5]
Resolution: If [get_<value>] was used to populate the object, check to make sure this command returns at least one valid object.
WARNING: [Vivado 12-584] No ports matched 'digi[2]'. [/home/cyx/Desktop/Ex2-Computer-Principles/EDA2_TOP/EDA2_TOP.srcs/constrs_1/new/con_1.xdc:6]
CRITICAL WARNING: [Common 17-55] 'set_property' expects at least one object. [/home/cyx/Desktop/Ex2-Computer-Principles/EDA2_TOP/EDA2_TOP.srcs/constrs_1/new/con_1.xdc:6]
Resolution: If [get_<value>] was used to populate the object, check to make sure this command returns at least one valid object.
WARNING: [Vivado 12-584] No ports matched 'digi[1]'. [/home/cyx/Desktop/Ex2-Computer-Principles/EDA2_TOP/EDA2_TOP.srcs/constrs_1/new/con_1.xdc:7]
CRITICAL WARNING: [Common 17-55] 'set_property' expects at least one object. [/home/cyx/Desktop/Ex2-Computer-Principles/EDA2_TOP/EDA2_TOP.srcs/constrs_1/new/con_1.xdc:7]
Resolution: If [get_<value>] was used to populate the object, check to make sure this command returns at least one valid object.
WARNING: [Vivado 12-584] No ports matched 'digi[0]'. [/home/cyx/Desktop/Ex2-Computer-Principles/EDA2_TOP/EDA2_TOP.srcs/constrs_1/new/con_1.xdc:8]
CRITICAL WARNING: [Common 17-55] 'set_property' expects at least one object. [/home/cyx/Desktop/Ex2-Computer-Principles/EDA2_TOP/EDA2_TOP.srcs/constrs_1/new/con_1.xdc:8]
Resolution: If [get_<value>] was used to populate the object, check to make sure this command returns at least one valid object.
WARNING: [Vivado 12-584] No ports matched 'EN[3]'. [/home/cyx/Desktop/Ex2-Computer-Principles/EDA2_TOP/EDA2_TOP.srcs/constrs_1/new/con_1.xdc:9]
CRITICAL WARNING: [Common 17-55] 'set_property' expects at least one object. [/home/cyx/Desktop/Ex2-Computer-Principles/EDA2_TOP/EDA2_TOP.srcs/constrs_1/new/con_1.xdc:9]
Resolution: If [get_<value>] was used to populate the object, check to make sure this command returns at least one valid object.
WARNING: [Vivado 12-584] No ports matched 'EN[2]'. [/home/cyx/Desktop/Ex2-Computer-Principles/EDA2_TOP/EDA2_TOP.srcs/constrs_1/new/con_1.xdc:10]
CRITICAL WARNING: [Common 17-55] 'set_property' expects at least one object. [/home/cyx/Desktop/Ex2-Computer-Principles/EDA2_TOP/EDA2_TOP.srcs/constrs_1/new/con_1.xdc:10]
Resolution: If [get_<value>] was used to populate the object, check to make sure this command returns at least one valid object.
WARNING: [Vivado 12-584] No ports matched 'EN[1]'. [/home/cyx/Desktop/Ex2-Computer-Principles/EDA2_TOP/EDA2_TOP.srcs/constrs_1/new/con_1.xdc:11]
CRITICAL WARNING: [Common 17-55] 'set_property' expects at least one object. [/home/cyx/Desktop/Ex2-Computer-Principles/EDA2_TOP/EDA2_TOP.srcs/constrs_1/new/con_1.xdc:11]
Resolution: If [get_<value>] was used to populate the object, check to make sure this command returns at least one valid object.
WARNING: [Vivado 12-584] No ports matched 'EN[0]'. [/home/cyx/Desktop/Ex2-Computer-Principles/EDA2_TOP/EDA2_TOP.srcs/constrs_1/new/con_1.xdc:12]
CRITICAL WARNING: [Common 17-55] 'set_property' expects at least one object. [/home/cyx/Desktop/Ex2-Computer-Principles/EDA2_TOP/EDA2_TOP.srcs/constrs_1/new/con_1.xdc:12]
Resolution: If [get_<value>] was used to populate the object, check to make sure this command returns at least one valid object.
WARNING: [Vivado 12-584] No ports matched 'scan[3]'. [/home/cyx/Desktop/Ex2-Computer-Principles/EDA2_TOP/EDA2_TOP.srcs/constrs_1/new/con_1.xdc:13]
CRITICAL WARNING: [Common 17-55] 'set_property' expects at least one object. [/home/cyx/Desktop/Ex2-Computer-Principles/EDA2_TOP/EDA2_TOP.srcs/constrs_1/new/con_1.xdc:13]
Resolution: If [get_<value>] was used to populate the object, check to make sure this command returns at least one valid object.
WARNING: [Vivado 12-584] No ports matched 'scan[2]'. [/home/cyx/Desktop/Ex2-Computer-Principles/EDA2_TOP/EDA2_TOP.srcs/constrs_1/new/con_1.xdc:14]
CRITICAL WARNING: [Common 17-55] 'set_property' expects at least one object. [/home/cyx/Desktop/Ex2-Computer-Principles/EDA2_TOP/EDA2_TOP.srcs/constrs_1/new/con_1.xdc:14]
Resolution: If [get_<value>] was used to populate the object, check to make sure this command returns at least one valid object.
WARNING: [Vivado 12-584] No ports matched 'scan[1]'. [/home/cyx/Desktop/Ex2-Computer-Principles/EDA2_TOP/EDA2_TOP.srcs/constrs_1/new/con_1.xdc:15]
CRITICAL WARNING: [Common 17-55] 'set_property' expects at least one object. [/home/cyx/Desktop/Ex2-Computer-Principles/EDA2_TOP/EDA2_TOP.srcs/constrs_1/new/con_1.xdc:15]
Resolution: If [get_<value>] was used to populate the object, check to make sure this command returns at least one valid object.
WARNING: [Vivado 12-584] No ports matched 'scan[0]'. [/home/cyx/Desktop/Ex2-Computer-Principles/EDA2_TOP/EDA2_TOP.srcs/constrs_1/new/con_1.xdc:16]
CRITICAL WARNING: [Common 17-55] 'set_property' expects at least one object. [/home/cyx/Desktop/Ex2-Computer-Principles/EDA2_TOP/EDA2_TOP.srcs/constrs_1/new/con_1.xdc:16]
Resolution: If [get_<value>] was used to populate the object, check to make sure this command returns at least one valid object.
WARNING: [Vivado 12-584] No ports matched 'scan_res[3]'. [/home/cyx/Desktop/Ex2-Computer-Principles/EDA2_TOP/EDA2_TOP.srcs/constrs_1/new/con_1.xdc:17]
CRITICAL WARNING: [Common 17-55] 'set_property' expects at least one object. [/home/cyx/Desktop/Ex2-Computer-Principles/EDA2_TOP/EDA2_TOP.srcs/constrs_1/new/con_1.xdc:17]
Resolution: If [get_<value>] was used to populate the object, check to make sure this command returns at least one valid object.
WARNING: [Vivado 12-584] No ports matched 'scan_res[2]'. [/home/cyx/Desktop/Ex2-Computer-Principles/EDA2_TOP/EDA2_TOP.srcs/constrs_1/new/con_1.xdc:18]
CRITICAL WARNING: [Common 17-55] 'set_property' expects at least one object. [/home/cyx/Desktop/Ex2-Computer-Principles/EDA2_TOP/EDA2_TOP.srcs/constrs_1/new/con_1.xdc:18]
Resolution: If [get_<value>] was used to populate the object, check to make sure this command returns at least one valid object.
WARNING: [Vivado 12-584] No ports matched 'scan_res[1]'. [/home/cyx/Desktop/Ex2-Computer-Principles/EDA2_TOP/EDA2_TOP.srcs/constrs_1/new/con_1.xdc:19]
CRITICAL WARNING: [Common 17-55] 'set_property' expects at least one object. [/home/cyx/Desktop/Ex2-Computer-Principles/EDA2_TOP/EDA2_TOP.srcs/constrs_1/new/con_1.xdc:19]
Resolution: If [get_<value>] was used to populate the object, check to make sure this command returns at least one valid object.
WARNING: [Vivado 12-584] No ports matched 'scan_res[0]'. [/home/cyx/Desktop/Ex2-Computer-Principles/EDA2_TOP/EDA2_TOP.srcs/constrs_1/new/con_1.xdc:20]
CRITICAL WARNING: [Common 17-55] 'set_property' expects at least one object. [/home/cyx/Desktop/Ex2-Computer-Principles/EDA2_TOP/EDA2_TOP.srcs/constrs_1/new/con_1.xdc:20]
Resolution: If [get_<value>] was used to populate the object, check to make sure this command returns at least one valid object.
WARNING: [Vivado 12-584] No ports matched 'clk100m'. [/home/cyx/Desktop/Ex2-Computer-Principles/EDA2_TOP/EDA2_TOP.srcs/constrs_1/new/con_1.xdc:21]
CRITICAL WARNING: [Common 17-55] 'set_property' expects at least one object. [/home/cyx/Desktop/Ex2-Computer-Principles/EDA2_TOP/EDA2_TOP.srcs/constrs_1/new/con_1.xdc:21]
Resolution: If [get_<value>] was used to populate the object, check to make sure this command returns at least one valid object.
WARNING: [Vivado 12-584] No ports matched 'state[2]'. [/home/cyx/Desktop/Ex2-Computer-Principles/EDA2_TOP/EDA2_TOP.srcs/constrs_1/new/con_1.xdc:22]
CRITICAL WARNING: [Common 17-55] 'set_property' expects at least one object. [/home/cyx/Desktop/Ex2-Computer-Principles/EDA2_TOP/EDA2_TOP.srcs/constrs_1/new/con_1.xdc:22]
Resolution: If [get_<value>] was used to populate the object, check to make sure this command returns at least one valid object.
WARNING: [Vivado 12-584] No ports matched 'state[1]'. [/home/cyx/Desktop/Ex2-Computer-Principles/EDA2_TOP/EDA2_TOP.srcs/constrs_1/new/con_1.xdc:23]
CRITICAL WARNING: [Common 17-55] 'set_property' expects at least one object. [/home/cyx/Desktop/Ex2-Computer-Principles/EDA2_TOP/EDA2_TOP.srcs/constrs_1/new/con_1.xdc:23]
Resolution: If [get_<value>] was used to populate the object, check to make sure this command returns at least one valid object.
WARNING: [Vivado 12-584] No ports matched 'state[0]'. [/home/cyx/Desktop/Ex2-Computer-Principles/EDA2_TOP/EDA2_TOP.srcs/constrs_1/new/con_1.xdc:24]
CRITICAL WARNING: [Common 17-55] 'set_property' expects at least one object. [/home/cyx/Desktop/Ex2-Computer-Principles/EDA2_TOP/EDA2_TOP.srcs/constrs_1/new/con_1.xdc:24]
Resolution: If [get_<value>] was used to populate the object, check to make sure this command returns at least one valid object.
WARNING: [Vivado 12-584] No ports matched 'digi[7]'. [/home/cyx/Desktop/Ex2-Computer-Principles/EDA2_TOP/EDA2_TOP.srcs/constrs_1/new/con_1.xdc:26]
CRITICAL WARNING: [Common 17-55] 'set_property' expects at least one object. [/home/cyx/Desktop/Ex2-Computer-Principles/EDA2_TOP/EDA2_TOP.srcs/constrs_1/new/con_1.xdc:26]
Resolution: If [get_<value>] was used to populate the object, check to make sure this command returns at least one valid object.
WARNING: [Vivado 12-584] No ports matched 'digi[6]'. [/home/cyx/Desktop/Ex2-Computer-Principles/EDA2_TOP/EDA2_TOP.srcs/constrs_1/new/con_1.xdc:27]
CRITICAL WARNING: [Common 17-55] 'set_property' expects at least one object. [/home/cyx/Desktop/Ex2-Computer-Principles/EDA2_TOP/EDA2_TOP.srcs/constrs_1/new/con_1.xdc:27]
Resolution: If [get_<value>] was used to populate the object, check to make sure this command returns at least one valid object.
WARNING: [Vivado 12-584] No ports matched 'digi[5]'. [/home/cyx/Desktop/Ex2-Computer-Principles/EDA2_TOP/EDA2_TOP.srcs/constrs_1/new/con_1.xdc:28]
CRITICAL WARNING: [Common 17-55] 'set_property' expects at least one object. [/home/cyx/Desktop/Ex2-Computer-Principles/EDA2_TOP/EDA2_TOP.srcs/constrs_1/new/con_1.xdc:28]
Resolution: If [get_<value>] was used to populate the object, check to make sure this command returns at least one valid object.
WARNING: [Vivado 12-584] No ports matched 'digi[4]'. [/home/cyx/Desktop/Ex2-Computer-Principles/EDA2_TOP/EDA2_TOP.srcs/constrs_1/new/con_1.xdc:29]
CRITICAL WARNING: [Common 17-55] 'set_property' expects at least one object. [/home/cyx/Desktop/Ex2-Computer-Principles/EDA2_TOP/EDA2_TOP.srcs/constrs_1/new/con_1.xdc:29]
Resolution: If [get_<value>] was used to populate the object, check to make sure this command returns at least one valid object.
WARNING: [Vivado 12-584] No ports matched 'digi[3]'. [/home/cyx/Desktop/Ex2-Computer-Principles/EDA2_TOP/EDA2_TOP.srcs/constrs_1/new/con_1.xdc:30]
CRITICAL WARNING: [Common 17-55] 'set_property' expects at least one object. [/home/cyx/Desktop/Ex2-Computer-Principles/EDA2_TOP/EDA2_TOP.srcs/constrs_1/new/con_1.xdc:30]
Resolution: If [get_<value>] was used to populate the object, check to make sure this command returns at least one valid object.
WARNING: [Vivado 12-584] No ports matched 'digi[2]'. [/home/cyx/Desktop/Ex2-Computer-Principles/EDA2_TOP/EDA2_TOP.srcs/constrs_1/new/con_1.xdc:31]
CRITICAL WARNING: [Common 17-55] 'set_property' expects at least one object. [/home/cyx/Desktop/Ex2-Computer-Principles/EDA2_TOP/EDA2_TOP.srcs/constrs_1/new/con_1.xdc:31]
Resolution: If [get_<value>] was used to populate the object, check to make sure this command returns at least one valid object.
WARNING: [Vivado 12-584] No ports matched 'digi[1]'. [/home/cyx/Desktop/Ex2-Computer-Principles/EDA2_TOP/EDA2_TOP.srcs/constrs_1/new/con_1.xdc:32]
CRITICAL WARNING: [Common 17-55] 'set_property' expects at least one object. [/home/cyx/Desktop/Ex2-Computer-Principles/EDA2_TOP/EDA2_TOP.srcs/constrs_1/new/con_1.xdc:32]
Resolution: If [get_<value>] was used to populate the object, check to make sure this command returns at least one valid object.
WARNING: [Vivado 12-584] No ports matched 'digi[0]'. [/home/cyx/Desktop/Ex2-Computer-Principles/EDA2_TOP/EDA2_TOP.srcs/constrs_1/new/con_1.xdc:33]
CRITICAL WARNING: [Common 17-55] 'set_property' expects at least one object. [/home/cyx/Desktop/Ex2-Computer-Principles/EDA2_TOP/EDA2_TOP.srcs/constrs_1/new/con_1.xdc:33]
Resolution: If [get_<value>] was used to populate the object, check to make sure this command returns at least one valid object.
WARNING: [Vivado 12-584] No ports matched 'scan[3]'. [/home/cyx/Desktop/Ex2-Computer-Principles/EDA2_TOP/EDA2_TOP.srcs/constrs_1/new/con_1.xdc:34]
CRITICAL WARNING: [Common 17-55] 'set_property' expects at least one object. [/home/cyx/Desktop/Ex2-Computer-Principles/EDA2_TOP/EDA2_TOP.srcs/constrs_1/new/con_1.xdc:34]
Resolution: If [get_<value>] was used to populate the object, check to make sure this command returns at least one valid object.
WARNING: [Vivado 12-584] No ports matched 'scan[2]'. [/home/cyx/Desktop/Ex2-Computer-Principles/EDA2_TOP/EDA2_TOP.srcs/constrs_1/new/con_1.xdc:35]
CRITICAL WARNING: [Common 17-55] 'set_property' expects at least one object. [/home/cyx/Desktop/Ex2-Computer-Principles/EDA2_TOP/EDA2_TOP.srcs/constrs_1/new/con_1.xdc:35]
Resolution: If [get_<value>] was used to populate the object, check to make sure this command returns at least one valid object.
WARNING: [Vivado 12-584] No ports matched 'scan[1]'. [/home/cyx/Desktop/Ex2-Computer-Principles/EDA2_TOP/EDA2_TOP.srcs/constrs_1/new/con_1.xdc:36]
CRITICAL WARNING: [Common 17-55] 'set_property' expects at least one object. [/home/cyx/Desktop/Ex2-Computer-Principles/EDA2_TOP/EDA2_TOP.srcs/constrs_1/new/con_1.xdc:36]
Resolution: If [get_<value>] was used to populate the object, check to make sure this command returns at least one valid object.
WARNING: [Vivado 12-584] No ports matched 'scan[0]'. [/home/cyx/Desktop/Ex2-Computer-Principles/EDA2_TOP/EDA2_TOP.srcs/constrs_1/new/con_1.xdc:37]
CRITICAL WARNING: [Common 17-55] 'set_property' expects at least one object. [/home/cyx/Desktop/Ex2-Computer-Principles/EDA2_TOP/EDA2_TOP.srcs/constrs_1/new/con_1.xdc:37]
Resolution: If [get_<value>] was used to populate the object, check to make sure this command returns at least one valid object.
WARNING: [Vivado 12-584] No ports matched 'scan_res[3]'. [/home/cyx/Desktop/Ex2-Computer-Principles/EDA2_TOP/EDA2_TOP.srcs/constrs_1/new/con_1.xdc:38]
CRITICAL WARNING: [Common 17-55] 'set_property' expects at least one object. [/home/cyx/Desktop/Ex2-Computer-Principles/EDA2_TOP/EDA2_TOP.srcs/constrs_1/new/con_1.xdc:38]
Resolution: If [get_<value>] was used to populate the object, check to make sure this command returns at least one valid object.
WARNING: [Vivado 12-584] No ports matched 'scan_res[2]'. [/home/cyx/Desktop/Ex2-Computer-Principles/EDA2_TOP/EDA2_TOP.srcs/constrs_1/new/con_1.xdc:39]
CRITICAL WARNING: [Common 17-55] 'set_property' expects at least one object. [/home/cyx/Desktop/Ex2-Computer-Principles/EDA2_TOP/EDA2_TOP.srcs/constrs_1/new/con_1.xdc:39]
Resolution: If [get_<value>] was used to populate the object, check to make sure this command returns at least one valid object.
WARNING: [Vivado 12-584] No ports matched 'scan_res[1]'. [/home/cyx/Desktop/Ex2-Computer-Principles/EDA2_TOP/EDA2_TOP.srcs/constrs_1/new/con_1.xdc:40]
CRITICAL WARNING: [Common 17-55] 'set_property' expects at least one object. [/home/cyx/Desktop/Ex2-Computer-Principles/EDA2_TOP/EDA2_TOP.srcs/constrs_1/new/con_1.xdc:40]
Resolution: If [get_<value>] was used to populate the object, check to make sure this command returns at least one valid object.
WARNING: [Vivado 12-584] No ports matched 'scan_res[0]'. [/home/cyx/Desktop/Ex2-Computer-Principles/EDA2_TOP/EDA2_TOP.srcs/constrs_1/new/con_1.xdc:41]
CRITICAL WARNING: [Common 17-55] 'set_property' expects at least one object. [/home/cyx/Desktop/Ex2-Computer-Principles/EDA2_TOP/EDA2_TOP.srcs/constrs_1/new/con_1.xdc:41]
Resolution: If [get_<value>] was used to populate the object, check to make sure this command returns at least one valid object.
WARNING: [Vivado 12-584] No ports matched 'state[2]'. [/home/cyx/Desktop/Ex2-Computer-Principles/EDA2_TOP/EDA2_TOP.srcs/constrs_1/new/con_1.xdc:42]
CRITICAL WARNING: [Common 17-55] 'set_property' expects at least one object. [/home/cyx/Desktop/Ex2-Computer-Principles/EDA2_TOP/EDA2_TOP.srcs/constrs_1/new/con_1.xdc:42]
Resolution: If [get_<value>] was used to populate the object, check to make sure this command returns at least one valid object.
WARNING: [Vivado 12-584] No ports matched 'state[1]'. [/home/cyx/Desktop/Ex2-Computer-Principles/EDA2_TOP/EDA2_TOP.srcs/constrs_1/new/con_1.xdc:43]
CRITICAL WARNING: [Common 17-55] 'set_property' expects at least one object. [/home/cyx/Desktop/Ex2-Computer-Principles/EDA2_TOP/EDA2_TOP.srcs/constrs_1/new/con_1.xdc:43]
Resolution: If [get_<value>] was used to populate the object, check to make sure this command returns at least one valid object.
WARNING: [Vivado 12-584] No ports matched 'state[0]'. [/home/cyx/Desktop/Ex2-Computer-Principles/EDA2_TOP/EDA2_TOP.srcs/constrs_1/new/con_1.xdc:44]
CRITICAL WARNING: [Common 17-55] 'set_property' expects at least one object. [/home/cyx/Desktop/Ex2-Computer-Principles/EDA2_TOP/EDA2_TOP.srcs/constrs_1/new/con_1.xdc:44]
Resolution: If [get_<value>] was used to populate the object, check to make sure this command returns at least one valid object.
WARNING: [Vivado 12-584] No ports matched 'EN[3]'. [/home/cyx/Desktop/Ex2-Computer-Principles/EDA2_TOP/EDA2_TOP.srcs/constrs_1/new/con_1.xdc:45]
CRITICAL WARNING: [Common 17-55] 'set_property' expects at least one object. [/home/cyx/Desktop/Ex2-Computer-Principles/EDA2_TOP/EDA2_TOP.srcs/constrs_1/new/con_1.xdc:45]
Resolution: If [get_<value>] was used to populate the object, check to make sure this command returns at least one valid object.
WARNING: [Vivado 12-584] No ports matched 'EN[2]'. [/home/cyx/Desktop/Ex2-Computer-Principles/EDA2_TOP/EDA2_TOP.srcs/constrs_1/new/con_1.xdc:46]
CRITICAL WARNING: [Common 17-55] 'set_property' expects at least one object. [/home/cyx/Desktop/Ex2-Computer-Principles/EDA2_TOP/EDA2_TOP.srcs/constrs_1/new/con_1.xdc:46]
Resolution: If [get_<value>] was used to populate the object, check to make sure this command returns at least one valid object.
WARNING: [Vivado 12-584] No ports matched 'EN[1]'. [/home/cyx/Desktop/Ex2-Computer-Principles/EDA2_TOP/EDA2_TOP.srcs/constrs_1/new/con_1.xdc:47]
CRITICAL WARNING: [Common 17-55] 'set_property' expects at least one object. [/home/cyx/Desktop/Ex2-Computer-Principles/EDA2_TOP/EDA2_TOP.srcs/constrs_1/new/con_1.xdc:47]
Resolution: If [get_<value>] was used to populate the object, check to make sure this command returns at least one valid object.
WARNING: [Vivado 12-584] No ports matched 'EN[0]'. [/home/cyx/Desktop/Ex2-Computer-Principles/EDA2_TOP/EDA2_TOP.srcs/constrs_1/new/con_1.xdc:48]
CRITICAL WARNING: [Common 17-55] 'set_property' expects at least one object. [/home/cyx/Desktop/Ex2-Computer-Principles/EDA2_TOP/EDA2_TOP.srcs/constrs_1/new/con_1.xdc:48]
Resolution: If [get_<value>] was used to populate the object, check to make sure this command returns at least one valid object.
WARNING: [Vivado 12-584] No ports matched 'clk100m'. [/home/cyx/Desktop/Ex2-Computer-Principles/EDA2_TOP/EDA2_TOP.srcs/constrs_1/new/con_1.xdc:49]
CRITICAL WARNING: [Common 17-55] 'set_property' expects at least one object. [/home/cyx/Desktop/Ex2-Computer-Principles/EDA2_TOP/EDA2_TOP.srcs/constrs_1/new/con_1.xdc:49]
Resolution: If [get_<value>] was used to populate the object, check to make sure this command returns at least one valid object.
Finished Parsing XDC File [/home/cyx/Desktop/Ex2-Computer-Principles/EDA2_TOP/EDA2_TOP.srcs/constrs_1/new/con_1.xdc]
Completed Processing XDC Constraints

INFO: [Opt 31-138] Pushed 0 inverter(s) to 0 load pin(s).
Netlist sorting complete. Time (s): cpu = 00:00:00 ; elapsed = 00:00:00 . Memory (MB): peak = 7211.957 ; gain = 0.000 ; free physical = 63 ; free virtual = 515
INFO: [Project 1-111] Unisim Transformation Summary:
No Unisim elements were transformed.

RTL Elaboration Complete:  : Time (s): cpu = 00:00:39 ; elapsed = 00:01:31 . Memory (MB): peak = 7236.867 ; gain = 311.023 ; free physical = 72 ; free virtual = 468
7 Infos, 50 Warnings, 48 Critical Warnings and 0 Errors encountered.
synth_design completed successfully
synth_design: Time (s): cpu = 00:00:45 ; elapsed = 00:01:45 . Memory (MB): peak = 7236.867 ; gain = 487.195 ; free physical = 69 ; free virtual = 468
set_property SOURCE_SET sources_1 [get_filesets sim_1]
close [ open /home/cyx/Desktop/Ex2-Computer-Principles/EDA2_TOP/EDA2_TOP.srcs/sim_1/new/CYX_ALU_Core_tb.v w ]
add_files -fileset sim_1 /home/cyx/Desktop/Ex2-Computer-Principles/EDA2_TOP/EDA2_TOP.srcs/sim_1/new/CYX_ALU_Core_tb.v
ERROR: [Common 17-179] Fork failed: Cannot allocate memory
update_compile_order -fileset sim_1
ERROR: [Common 17-179] Fork failed: Cannot allocate memory
ERROR: [Common 17-179] Fork failed: Cannot allocate memory
ERROR: [Common 17-179] Fork failed: Cannot allocate memory
ERROR: [Common 17-179] Fork failed: Cannot allocate memory
ERROR: [Common 17-179] Fork failed: Cannot allocate memory
ERROR: [Common 17-179] Fork failed: Cannot allocate memory
ERROR: [Common 17-179] Fork failed: Cannot allocate memory
ERROR: [Common 17-179] Fork failed: Cannot allocate memory
ERROR: [Common 17-179] Fork failed: Cannot allocate memory
ERROR: [Common 17-179] Fork failed: Cannot allocate memory
ERROR: [Common 17-179] Fork failed: Cannot allocate memory
ERROR: [Common 17-179] Fork failed: Cannot allocate memory
ERROR: [Common 17-179] Fork failed: Cannot allocate memory
ERROR: [Common 17-179] Fork failed: Cannot allocate memory
ERROR: [Common 17-179] Fork failed: Cannot allocate memory
ERROR: [Common 17-179] Fork failed: Cannot allocate memory
ERROR: [Common 17-179] Fork failed: Cannot allocate memory
ERROR: [Common 17-179] Fork failed: Cannot allocate memory
ERROR: [Common 17-179] Fork failed: Cannot allocate memory
ERROR: [Common 17-179] Fork failed: Cannot allocate memory
ERROR: [Common 17-179] Fork failed: Cannot allocate memory
ERROR: [Common 17-179] Fork failed: Cannot allocate memory
ERROR: [Common 17-179] Fork failed: Cannot allocate memory
ERROR: [Common 17-179] Fork failed: Cannot allocate memory
ERROR: [Common 17-179] Fork failed: Cannot allocate memory
ERROR: [Common 17-179] Fork failed: Cannot allocate memory
ERROR: [Common 17-179] Fork failed: Cannot allocate memory
ERROR: [Common 17-179] Fork failed: Cannot allocate memory
ERROR: [Common 17-179] Fork failed: Cannot allocate memory
ERROR: [Common 17-179] Fork failed: Cannot allocate memory
ERROR: [Common 17-179] Fork failed: Cannot allocate memory
ERROR: [Common 17-179] Fork failed: Cannot allocate memory
ERROR: [Common 17-179] Fork failed: Cannot allocate memory
ERROR: [Common 17-179] Fork failed: Cannot allocate memory
ERROR: [Common 17-179] Fork failed: Cannot allocate memory
ERROR: [Common 17-179] Fork failed: Cannot allocate memory
ERROR: [Common 17-179] Fork failed: Cannot allocate memory
ERROR: [Common 17-179] Fork failed: Cannot allocate memory
ERROR: [Common 17-179] Fork failed: Cannot allocate memory
ERROR: [Common 17-179] Fork failed: Cannot allocate memory
ERROR: [Common 17-179] Fork failed: Cannot allocate memory
ERROR: [Common 17-179] Fork failed: Cannot allocate memory
ERROR: [Common 17-179] Fork failed: Cannot allocate memory
ERROR: [Common 17-179] Fork failed: Cannot allocate memory
ERROR: [Common 17-179] Fork failed: Cannot allocate memory
ERROR: [Common 17-179] Fork failed: Cannot allocate memory
ERROR: [Common 17-179] Fork failed: Cannot allocate memory
ERROR: [Common 17-179] Fork failed: Cannot allocate memory
ERROR: [Common 17-179] Fork failed: Cannot allocate memory
ERROR: [Common 17-179] Fork failed: Cannot allocate memory
ERROR: [Common 17-179] Fork failed: Cannot allocate memory
ERROR: [Common 17-179] Fork failed: Cannot allocate memory
ERROR: [Common 17-179] Fork failed: Cannot allocate memory
ERROR: [Common 17-179] Fork failed: Cannot allocate memory
ERROR: [Common 17-179] Fork failed: Cannot allocate memory
ERROR: [Common 17-179] Fork failed: Cannot allocate memory
ERROR: [Common 17-179] Fork failed: Cannot allocate memory
ERROR: [Common 17-179] Fork failed: Cannot allocate memory
ERROR: [Common 17-179] Fork failed: Cannot allocate memory
ERROR: [Common 17-179] Fork failed: Cannot allocate memory
ERROR: [Common 17-179] Fork failed: Cannot allocate memory
ERROR: [Common 17-179] Fork failed: Cannot allocate memory
ERROR: [Common 17-179] Fork failed: Cannot allocate memory
ERROR: [Common 17-179] Fork failed: Cannot allocate memory
ERROR: [Common 17-179] Fork failed: Cannot allocate memory
ERROR: [Common 17-179] Fork failed: Cannot allocate memory
ERROR: [Common 17-179] Fork failed: Cannot allocate memory
ERROR: [Common 17-179] Fork failed: Cannot allocate memory
ERROR: [Common 17-179] Fork failed: Cannot allocate memory
ERROR: [Common 17-179] Fork failed: Cannot allocate memory
ERROR: [Common 17-179] Fork failed: Cannot allocate memory
ERROR: [Common 17-179] Fork failed: Cannot allocate memory
ERROR: [Common 17-179] Fork failed: Cannot allocate memory
ERROR: [Common 17-179] Fork failed: Cannot allocate memory
ERROR: [Common 17-179] Fork failed: Cannot allocate memory
ERROR: [Common 17-179] Fork failed: Cannot allocate memory
ERROR: [Common 17-179] Fork failed: Cannot allocate memory
ERROR: [Common 17-179] Fork failed: Cannot allocate memory
ERROR: [Common 17-179] Fork failed: Cannot allocate memory
ERROR: [Common 17-179] Fork failed: Cannot allocate memory
ERROR: [Common 17-179] Fork failed: Cannot allocate memory
ERROR: [Common 17-179] Fork failed: Cannot allocate memory
ERROR: [Common 17-179] Fork failed: Cannot allocate memory
ERROR: [Common 17-179] Fork failed: Cannot allocate memory
ERROR: [Common 17-179] Fork failed: Cannot allocate memory
ERROR: [Common 17-179] Fork failed: Cannot allocate memory
ERROR: [Common 17-179] Fork failed: Cannot allocate memory
ERROR: [Common 17-179] Fork failed: Cannot allocate memory
ERROR: [Common 17-179] Fork failed: Cannot allocate memory
ERROR: [Common 17-179] Fork failed: Cannot allocate memory
ERROR: [Common 17-179] Fork failed: Cannot allocate memory
ERROR: [Common 17-179] Fork failed: Cannot allocate memory
ERROR: [Common 17-179] Fork failed: Cannot allocate memory
ERROR: [Common 17-179] Fork failed: Cannot allocate memory
ERROR: [Common 17-179] Fork failed: Cannot allocate memory
ERROR: [Common 17-179] Fork failed: Cannot allocate memory
ERROR: [Common 17-179] Fork failed: Cannot allocate memory
ERROR: [Common 17-179] Fork failed: Cannot allocate memory
ERROR: [Common 17-179] Fork failed: Cannot allocate memory
ERROR: [Common 17-179] Fork failed: Cannot allocate memory
ERROR: [Common 17-179] Fork failed: Cannot allocate memory
INFO: [Common 17-14] Message 'Common 17-179' appears 100 times and further instances of the messages will be disabled. Use the Tcl command set_msg_config to change the current settings.
exit
INFO: [Common 17-206] Exiting Vivado at Sat Mar 21 20:36:12 2020...
