#-----------------------------------------------------------
# Vivado v2019.1 (64-bit)
# SW Build 2552052 on Fri May 24 14:47:09 MDT 2019
# IP Build 2548770 on Fri May 24 18:01:18 MDT 2019
# Start of session at: Mon Mar 23 15:27:44 2020
# Process ID: 2232
# Current directory: /home/cyx/Desktop/Ex2-Computer-Principles
# Command line: vivado
# Log file: /home/cyx/Desktop/Ex2-Computer-Principles/vivado.log
# Journal file: /home/cyx/Desktop/Ex2-Computer-Principles/vivado.jou
#-----------------------------------------------------------
start_gui
open_project /home/cyx/Desktop/Ex2-Computer-Principles/EDA2_TOP/EDA2_TOP.xpr
Scanning sources...
Finished scanning sources
INFO: [IP_Flow 19-234] Refreshing IP repositories
INFO: [IP_Flow 19-1700] Loaded user IP repository '/home/cyx/Desktop/Ex2-Computer-Principles/CYX_IP_CATALOG'.
INFO: [IP_Flow 19-2313] Loaded Vivado IP repository '/tools/Xilinx/Vivado/2019.1/data/ip'.
open_project: Time (s): cpu = 00:00:26 ; elapsed = 00:00:13 . Memory (MB): peak = 6458.898 ; gain = 111.828 ; free physical = 198 ; free virtual = 3916
update_compile_order -fileset sources_1
exit
INFO: [Common 17-206] Exiting Vivado at Mon Mar 23 16:12:46 2020...
