#-----------------------------------------------------------
# Vivado v2019.1 (64-bit)
# SW Build 2552052 on Fri May 24 14:47:09 MDT 2019
# IP Build 2548770 on Fri May 24 18:01:18 MDT 2019
# Start of session at: Sat Mar 21 17:18:57 2020
# Process ID: 3658
# Current directory: /home/cyx/Desktop/Ex2-Computer-Principles
# Command line: vivado
# Log file: /home/cyx/Desktop/Ex2-Computer-Principles/vivado.log
# Journal file: /home/cyx/Desktop/Ex2-Computer-Principles/vivado.jou
#-----------------------------------------------------------
start_gui
open_project /home/cyx/Desktop/Ex2-Computer-Principles/Module_1/M1.xpr
INFO: [Project 1-313] Project file moved from '/home/cyx/Desktop/WEEK12-EDA-Laboratory-of-Electronic-Circuits/Module_1' since last save.
Scanning sources...
Finished scanning sources
WARNING: [filemgmt 56-3] IP Repository Path: Could not find the directory '/home/cyx/Desktop/vivado - IP核 - 74LSxx - XUP'.
INFO: [IP_Flow 19-234] Refreshing IP repositories
INFO: [IP_Flow 19-1700] Loaded user IP repository '/home/cyx/Desktop/EDA1/CYX_IP_CATALOG'.
WARNING: [IP_Flow 19-2248] Failed to load user IP repository '/home/cyx/Desktop/vivado - IP核 - 74LSxx - XUP'; Can't find the specified path.
If this directory should no longer be in your list of user repositories, go to the IP Settings dialog and remove it.
INFO: [IP_Flow 19-1700] Loaded user IP repository '/home/cyx/Desktop/EDA1/vivado-IP-Cores-74LSxx-XUP'.
INFO: [IP_Flow 19-2313] Loaded Vivado IP repository '/tools/Xilinx/Vivado/2019.1/data/ip'.
open_project: Time (s): cpu = 00:00:18 ; elapsed = 00:00:18 . Memory (MB): peak = 6441.281 ; gain = 116.480 ; free physical = 68 ; free virtual = 1257
set_property  ip_repo_paths  {/home/cyx/Desktop/EDA1/CYX_IP_CATALOG {/home/cyx/Desktop/vivado - IP核 - 74LSxx - XUP} /home/cyx/Desktop/EDA1/vivado-IP-Cores-74LSxx-XUP /home/cyx/Desktop/Ex2-Computer-Principles/CYX_IP_CATALOG} [current_project]
update_ip_catalog
INFO: [IP_Flow 19-234] Refreshing IP repositories
INFO: [IP_Flow 19-1700] Loaded user IP repository '/home/cyx/Desktop/EDA1/CYX_IP_CATALOG'.
WARNING: [IP_Flow 19-2248] Failed to load user IP repository '/home/cyx/Desktop/vivado - IP核 - 74LSxx - XUP'; Can't find the specified path.
If this directory should no longer be in your list of user repositories, go to the IP Settings dialog and remove it.
INFO: [IP_Flow 19-1700] Loaded user IP repository '/home/cyx/Desktop/EDA1/vivado-IP-Cores-74LSxx-XUP'.
INFO: [IP_Flow 19-1700] Loaded user IP repository '/home/cyx/Desktop/Ex2-Computer-Principles/CYX_IP_CATALOG'.
WARNING: [IP_Flow 19-1663] Duplicate IP found for 'jarrycyx:cyx:Complement_4bit_v2:1.0'. The one found in IP location '/home/cyx/Desktop/EDA1/CYX_IP_CATALOG/cyx_ip_complement_4bit' will take precedence over the same IP in location /home/cyx/Desktop/Ex2-Computer-Principles/CYX_IP_CATALOG/cyx_ip_complement_4bit
WARNING: [IP_Flow 19-1663] Duplicate IP found for 'jarrycyx:cyx:Digits_dynamic_display:1.0'. The one found in IP location '/home/cyx/Desktop/EDA1/CYX_IP_CATALOG/cyx_ip_digits_dynamic_display_v5' will take precedence over the same IP in location /home/cyx/Desktop/Ex2-Computer-Principles/CYX_IP_CATALOG/cyx_ip_digits_dynamic_display_v5
WARNING: [IP_Flow 19-1663] Duplicate IP found for 'xilinx.com:user:Digits_dynamic_display:3.0'. The one found in IP location '/home/cyx/Desktop/EDA1/CYX_IP_CATALOG/cyx_ip_digit_dynamic_display_v3' will take precedence over the same IP in location /home/cyx/Desktop/Ex2-Computer-Principles/CYX_IP_CATALOG/cyx_ip_digit_dynamic_display_v3
WARNING: [IP_Flow 19-1663] Duplicate IP found for 'jarrycyx:cyx:dec_digits_split_4bit:1.0'. The one found in IP location '/home/cyx/Desktop/EDA1/CYX_IP_CATALOG/cyx_ip_dec_digits_split_4bit' will take precedence over the same IP in location /home/cyx/Desktop/Ex2-Computer-Principles/CYX_IP_CATALOG/cyx_ip_dec_digits_split_4bit
WARNING: [IP_Flow 19-1663] Duplicate IP found for 'jarrycyx:cyx:Complement_4bit_v3:3.0'. The one found in IP location '/home/cyx/Desktop/EDA1/CYX_IP_CATALOG/cyx_ip_cpmplement_4bit_v3' will take precedence over the same IP in location /home/cyx/Desktop/Ex2-Computer-Principles/CYX_IP_CATALOG/cyx_ip_cpmplement_4bit_v3
WARNING: [IP_Flow 19-1663] Duplicate IP found for 'jarrycyx:cyx:Complement_5bit:1.0'. The one found in IP location '/home/cyx/Desktop/EDA1/CYX_IP_CATALOG/cyx_ip_complement_5bit' will take precedence over the same IP in location /home/cyx/Desktop/Ex2-Computer-Principles/CYX_IP_CATALOG/cyx_ip_complement_5bit
WARNING: [IP_Flow 19-1663] Duplicate IP found for 'xilinx.com:user:Add_1bit:4.0'. The one found in IP location '/home/cyx/Desktop/EDA1/CYX_IP_CATALOG/cyx_ip_add_1bit_v4' will take precedence over the same IP in location /home/cyx/Desktop/Ex2-Computer-Principles/CYX_IP_CATALOG/cyx_ip_add_1bit_v4
WARNING: [IP_Flow 19-1663] Duplicate IP found for 'jarrycyx:cyx:Digits_dynamic_display:7.0'. The one found in IP location '/home/cyx/Desktop/EDA1/CYX_IP_CATALOG/cyx_ip_digits_dynamic_display_v7' will take precedence over the same IP in location /home/cyx/Desktop/Ex2-Computer-Principles/CYX_IP_CATALOG/cyx_ip_digits_dynamic_display_v7
WARNING: [IP_Flow 19-1663] Duplicate IP found for 'xilinx.com:user:Add_1bit:1.1'. The one found in IP location '/home/cyx/Desktop/EDA1/CYX_IP_CATALOG/cyx_ip_add_1bit' will take precedence over the same IP in location /home/cyx/Desktop/Ex2-Computer-Principles/CYX_IP_CATALOG/cyx_ip_add_1bit
WARNING: [IP_Flow 19-1663] Duplicate IP found for 'jarrycyx:cyx:Add_4bit_v3:3.0'. The one found in IP location '/home/cyx/Desktop/EDA1/CYX_IP_CATALOG/cyx_ip_add_4bit_v3' will take precedence over the same IP in location /home/cyx/Desktop/Ex2-Computer-Principles/CYX_IP_CATALOG/cyx_ip_add_4bit_v3
WARNING: [IP_Flow 19-1663] Duplicate IP found for 'jarrycyx:cyx:Digits_dynamic_display:6.0'. The one found in IP location '/home/cyx/Desktop/EDA1/CYX_IP_CATALOG/cyx_ip_digits_dynamic_display_v6' will take precedence over the same IP in location /home/cyx/Desktop/Ex2-Computer-Principles/CYX_IP_CATALOG/cyx_ip_digits_dynamic_display_v6
WARNING: [IP_Flow 19-1663] Duplicate IP found for 'xilinx.com:user:Add_4bit:1.0'. The one found in IP location '/home/cyx/Desktop/EDA1/CYX_IP_CATALOG/cyx_ip_add_4bit' will take precedence over the same IP in location /home/cyx/Desktop/Ex2-Computer-Principles/CYX_IP_CATALOG/cyx_ip_add_4bit
