Info: Start Nativelink Simulation process

========= EDA Simulation Settings =====================

Sim Mode              :  Gate
Family                :  cycloneii
Quartus root          :  c:/altera/13.0/quartus/bin64/
Quartus sim root      :  c:/altera/13.0/quartus/eda/sim_lib
Simulation Tool       :  modelsim-altera
Simulation Language   :  vhdl
Version               :  93
Simulation Mode       :  GUI
Sim Output File       :  keyboard.vho
Sim SDF file          :  keyboard__vhdl.sdo
Sim dir               :  simulation\modelsim

=======================================================

Info: Starting NativeLink simulation with ModelSim-Altera software
Sourced NativeLink script c:/altera/13.0/quartus/common/tcl/internal/nativelink/modelsim.tcl
Probing transcript
ModelSim-Altera Info: # Reading C:/altera/13.0/modelsim_ase/tcl/vsim/pref.tcl 
ModelSim-Altera Info: # do keyboard_run_msim_gate_vhdl.do 
ModelSim-Altera Info: # if {[file exists gate_work]} {
ModelSim-Altera Info: # 	vdel -lib gate_work -all
ModelSim-Altera Info: # }
ModelSim-Altera Info: # vlib gate_work
ModelSim-Altera Info: # vmap work gate_work
ModelSim-Altera Info: # Copying C:\altera\13.0\modelsim_ase\win32aloem/../modelsim.ini to modelsim.ini
ModelSim-Altera Info: # Modifying modelsim.ini
ModelSim-Altera Warning: # ** Warning: Copied C:\altera\13.0\modelsim_ase\win32aloem/../modelsim.ini to modelsim.ini.
ModelSim-Altera Info: #          Updated modelsim.ini.
ModelSim-Altera Info: # 
ModelSim-Altera Info: # vcom -93 -work work {keyboard.vho}
ModelSim-Altera Info: # Model Technology ModelSim ALTERA vcom 10.1d Compiler 2012.11 Nov  2 2012
ModelSim-Altera Info: # -- Loading package STANDARD
ModelSim-Altera Info: # -- Loading package TEXTIO
ModelSim-Altera Info: # -- Loading package std_logic_1164
ModelSim-Altera Info: # -- Loading package VITAL_Timing
ModelSim-Altera Info: # -- Loading package VITAL_Primitives
ModelSim-Altera Info: # -- Loading package cycloneii_atom_pack
ModelSim-Altera Info: # -- Loading package cycloneii_components
ModelSim-Altera Info: # -- Compiling entity keyboard_top
ModelSim-Altera Info: # -- Compiling architecture structure of keyboard_top
ModelSim-Altera Info: # 
ModelSim-Altera Info: # vcom -93 -work work {C:/Users/super_eda/Desktop/keyboard_LPM/keyboard_tb.vhd}
ModelSim-Altera Info: # Model Technology ModelSim ALTERA vcom 10.1d Compiler 2012.11 Nov  2 2012
ModelSim-Altera Info: # -- Loading package STANDARD
ModelSim-Altera Info: # -- Loading package TEXTIO
ModelSim-Altera Info: # -- Loading package std_logic_1164
ModelSim-Altera Info: # -- Loading package std_logic_arith
ModelSim-Altera Info: # -- Loading package STD_LOGIC_UNSIGNED
ModelSim-Altera Info: # -- Compiling entity keyboard_tb
ModelSim-Altera Info: # -- Compiling architecture behav of keyboard_tb
ModelSim-Altera Warning: # ** Warning: [4] C:/Users/super_eda/Desktop/keyboard_LPM/keyboard_tb.vhd(53): (vcom-1207) An abstract literal and an identifier must have a separator between them.
ModelSim-Altera Warning: # ** Warning: [4] C:/Users/super_eda/Desktop/keyboard_LPM/keyboard_tb.vhd(85): (vcom-1207) An abstract literal and an identifier must have a separator between them.
ModelSim-Altera Info: # 
ModelSim-Altera Info: # vsim -t 1ps +transport_int_delays +transport_path_delays -sdftyp /uut=keyboard_vhd.sdo -L cycloneii -L gate_work -L work -voptargs="+acc"  keyboard_tb
ModelSim-Altera Info: # vsim +transport_int_delays +transport_path_delays -L cycloneii -L gate_work -L work -voptargs=\"+acc\" -sdftyp /uut=keyboard_vhd.sdo -t 1ps keyboard_tb 
ModelSim-Altera Info: # Loading std.standard
ModelSim-Altera Info: # Loading std.textio(body)
ModelSim-Altera Info: # Loading ieee.std_logic_1164(body)
ModelSim-Altera Info: # Loading ieee.std_logic_arith(body)
ModelSim-Altera Info: # Loading ieee.std_logic_unsigned(body)
ModelSim-Altera Info: # Loading work.keyboard_tb(behav)
ModelSim-Altera Info: # SDF 10.1d Compiler 2012.11 Nov  2 2012
ModelSim-Altera Info: # 
ModelSim-Altera Info: # Loading ieee.vital_timing(body)
ModelSim-Altera Info: # Loading ieee.vital_primitives(body)
ModelSim-Altera Info: # Loading cycloneii.cycloneii_atom_pack(body)
ModelSim-Altera Info: # Loading cycloneii.cycloneii_components
ModelSim-Altera Info: # Loading work.keyboard_top(structure)
ModelSim-Altera Info: # Loading cycloneii.cycloneii_lcell_ff(vital_lcell_ff)
ModelSim-Altera Info: # Loading cycloneii.cycloneii_and1(altvital)
ModelSim-Altera Info: # Loading cycloneii.cycloneii_lcell_comb(vital_lcell_comb)
ModelSim-Altera Info: # Loading cycloneii.cycloneii_pllpack(body)
ModelSim-Altera Info: # Loading cycloneii.cycloneii_pll(vital_pll)
ModelSim-Altera Info: # Loading cycloneii.cycloneii_m_cntr(behave)
ModelSim-Altera Info: # Loading cycloneii.cycloneii_n_cntr(behave)
ModelSim-Altera Info: # Loading cycloneii.cycloneii_scale_cntr(behave)
ModelSim-Altera Info: # Loading cycloneii.cycloneii_io(structure)
ModelSim-Altera Info: # Loading cycloneii.cycloneii_mux21(altvital)
ModelSim-Altera Info: # Loading cycloneii.cycloneii_dffe(behave)
ModelSim-Altera Info: # Loading cycloneii.cycloneii_asynch_io(behave)
ModelSim-Altera Info: # Loading cycloneii.cycloneii_clkctrl(vital_clkctrl)
ModelSim-Altera Info: # Loading cycloneii.cycloneii_ena_reg(behave)
ModelSim-Altera Info: # Loading instances from keyboard_vhd.sdo
ModelSim-Altera Info: # Loading timing data from keyboard_vhd.sdo
ModelSim-Altera Warning: # ** Warning: Design size of 4 instances exceeds ModelSim ALTERA recommended capacity.
ModelSim-Altera Info: # This may because you are loading cell libraries which are not recommended with
ModelSim-Altera Info: # the ModelSim Altera version. Expect performance to be adversely affected.
ModelSim-Altera Info: # ** Note: (vsim-3587) SDF Backannotation Successfully Completed.
ModelSim-Altera Info: #    Time: 0 ps  Iteration: 0  Instance: /keyboard_tb File: C:/Users/super_eda/Desktop/keyboard_LPM/keyboard_tb.vhd
ModelSim-Altera Info: # 
ModelSim-Altera Info: # add wave *
ModelSim-Altera Info: # view structure
ModelSim-Altera Info: # .main_pane.structure.interior.cs.body.struct
ModelSim-Altera Info: # view signals
ModelSim-Altera Info: # .main_pane.objects.interior.cs.body.tree
ModelSim-Altera Info: # run -all
ModelSim-Altera Warning: # ** Warning: There is an 'U'|'X'|'W'|'Z'|'-' in an arithmetic operand, the result will be 'X'(es).
ModelSim-Altera Info: #    Time: 0 ps  Iteration: 0  Instance: /keyboard_tb
ModelSim-Altera Warning: # ** Warning: There is an 'U'|'X'|'W'|'Z'|'-' in an arithmetic operand, the result will be 'X'(es).
ModelSim-Altera Info: #    Time: 0 ps  Iteration: 0  Instance: /keyboard_tb
ModelSim-Altera Warning: # ** Warning: There is an 'U'|'X'|'W'|'Z'|'-' in an arithmetic operand, the result will be 'X'(es).
ModelSim-Altera Info: #    Time: 0 ps  Iteration: 0  Instance: /keyboard_tb
ModelSim-Altera Warning: # ** Warning: There is an 'U'|'X'|'W'|'Z'|'-' in an arithmetic operand, the result will be 'X'(es).
ModelSim-Altera Info: #    Time: 0 ps  Iteration: 0  Instance: /keyboard_tb
ModelSim-Altera Warning: # ** Warning: There is an 'U'|'X'|'W'|'Z'|'-' in an arithmetic operand, the result will be 'X'(es).
ModelSim-Altera Info: #    Time: 0 ps  Iteration: 0  Instance: /keyboard_tb
ModelSim-Altera Info: # ** Note: CycloneII PLL is enabled
ModelSim-Altera Info: #    Time: 0 ps  Iteration: 1  Instance: /keyboard_tb/uut/\b2v_inst|altpll_component|pll\
ModelSim-Altera Info: # ** Note: CycloneII PLL locked to incoming clock
ModelSim-Altera Info: #    Time: 113830 ps  Iteration: 0  Instance: /keyboard_tb/uut/\b2v_inst|altpll_component|pll\
ModelSim-Altera Error: # ** Error: Assertion violation.
ModelSim-Altera Info: #    Time: 5005 ns  Iteration: 0  Instance: /keyboard_tb
ModelSim-Altera Info: # ** Note: key_out is 0. Expected g
ModelSim-Altera Info: #    Time: 5005 ns  Iteration: 0  Instance: /keyboard_tb
ModelSim-Altera Info: # ** Note: key_out is == 0
ModelSim-Altera Info: #    Time: 5005 ns  Iteration: 0  Instance: /keyboard_tb
ModelSim-Altera Info: # ** Note: key_out is == 0
ModelSim-Altera Info: #    Time: 10010 ns  Iteration: 0  Instance: /keyboard_tb
ModelSim-Altera Error: # ** Error: Assertion violation.
ModelSim-Altera Info: #    Time: 15015 ns  Iteration: 0  Instance: /keyboard_tb
ModelSim-Altera Info: # ** Note: key_out is 0. Expected 1
ModelSim-Altera Info: #    Time: 15015 ns  Iteration: 0  Instance: /keyboard_tb
ModelSim-Altera Info: # ** Note: key_out is == 0
ModelSim-Altera Info: #    Time: 15015 ns  Iteration: 0  Instance: /keyboard_tb
ModelSim-Altera Error: # ** Error: Assertion violation.
ModelSim-Altera Info: #    Time: 20020 ns  Iteration: 0  Instance: /keyboard_tb
ModelSim-Altera Info: # ** Note: key_out is 0. Expected 2
ModelSim-Altera Info: #    Time: 20020 ns  Iteration: 0  Instance: /keyboard_tb
ModelSim-Altera Info: # ** Note: key_out is == 0
ModelSim-Altera Info: #    Time: 20020 ns  Iteration: 0  Instance: /keyboard_tb
ModelSim-Altera Error: # ** Error: Assertion violation.
ModelSim-Altera Info: #    Time: 25025 ns  Iteration: 0  Instance: /keyboard_tb
ModelSim-Altera Info: # ** Note: key_out is 0. Expected 3
ModelSim-Altera Info: #    Time: 25025 ns  Iteration: 0  Instance: /keyboard_tb
ModelSim-Altera Info: # ** Note: key_out is == 0
ModelSim-Altera Info: #    Time: 25025 ns  Iteration: 0  Instance: /keyboard_tb
ModelSim-Altera Error: # ** Error: Assertion violation.
ModelSim-Altera Info: #    Time: 30030 ns  Iteration: 0  Instance: /keyboard_tb
ModelSim-Altera Info: # ** Note: key_out is 0. Expected 4
ModelSim-Altera Info: #    Time: 30030 ns  Iteration: 0  Instance: /keyboard_tb
ModelSim-Altera Info: # ** Note: key_out is == 0
ModelSim-Altera Info: #    Time: 30030 ns  Iteration: 0  Instance: /keyboard_tb
ModelSim-Altera Error: # ** Error: Assertion violation.
ModelSim-Altera Info: #    Time: 35035 ns  Iteration: 0  Instance: /keyboard_tb
ModelSim-Altera Info: # ** Note: key_out is 0. Expected 5
ModelSim-Altera Info: #    Time: 35035 ns  Iteration: 0  Instance: /keyboard_tb
ModelSim-Altera Info: # ** Note: key_out is == 0
ModelSim-Altera Info: #    Time: 35035 ns  Iteration: 0  Instance: /keyboard_tb
ModelSim-Altera Error: # ** Error: Assertion violation.
ModelSim-Altera Info: #    Time: 40040 ns  Iteration: 0  Instance: /keyboard_tb
ModelSim-Altera Info: # ** Note: key_out is 0. Expected 6
ModelSim-Altera Info: #    Time: 40040 ns  Iteration: 0  Instance: /keyboard_tb
ModelSim-Altera Info: # ** Note: key_out is == 0
ModelSim-Altera Info: #    Time: 40040 ns  Iteration: 0  Instance: /keyboard_tb
ModelSim-Altera Error: # ** Error: Assertion violation.
ModelSim-Altera Info: #    Time: 45045 ns  Iteration: 0  Instance: /keyboard_tb
ModelSim-Altera Info: # ** Note: key_out is 0. Expected 7
ModelSim-Altera Info: #    Time: 45045 ns  Iteration: 0  Instance: /keyboard_tb
ModelSim-Altera Info: # ** Note: key_out is == 0
ModelSim-Altera Info: #    Time: 45045 ns  Iteration: 0  Instance: /keyboard_tb
ModelSim-Altera Error: # ** Error: Assertion violation.
ModelSim-Altera Info: #    Time: 50050 ns  Iteration: 0  Instance: /keyboard_tb
ModelSim-Altera Info: # ** Note: key_out is 0. Expected 8
ModelSim-Altera Info: #    Time: 50050 ns  Iteration: 0  Instance: /keyboard_tb
ModelSim-Altera Info: # ** Note: key_out is == 0
ModelSim-Altera Info: #    Time: 50050 ns  Iteration: 0  Instance: /keyboard_tb
ModelSim-Altera Error: # ** Error: Assertion violation.
ModelSim-Altera Info: #    Time: 55055 ns  Iteration: 0  Instance: /keyboard_tb
ModelSim-Altera Info: # ** Note: key_out is 0. Expected 9
ModelSim-Altera Info: #    Time: 55055 ns  Iteration: 0  Instance: /keyboard_tb
ModelSim-Altera Info: # ** Note: key_out is == 0
ModelSim-Altera Info: #    Time: 55055 ns  Iteration: 0  Instance: /keyboard_tb
ModelSim-Altera Error: # ** Error: Assertion violation.
ModelSim-Altera Info: #    Time: 60060 ns  Iteration: 0  Instance: /keyboard_tb
ModelSim-Altera Info: # ** Note: key_out is 0. Expected a
ModelSim-Altera Info: #    Time: 60060 ns  Iteration: 0  Instance: /keyboard_tb
ModelSim-Altera Info: # ** Note: key_out is == 0
ModelSim-Altera Info: #    Time: 60060 ns  Iteration: 0  Instance: /keyboard_tb
ModelSim-Altera Error: # ** Error: Assertion violation.
ModelSim-Altera Info: #    Time: 65065 ns  Iteration: 0  Instance: /keyboard_tb
ModelSim-Altera Info: # ** Note: key_out is 0. Expected b
ModelSim-Altera Info: #    Time: 65065 ns  Iteration: 0  Instance: /keyboard_tb
ModelSim-Altera Info: # ** Note: key_out is == 0
ModelSim-Altera Info: #    Time: 65065 ns  Iteration: 0  Instance: /keyboard_tb
ModelSim-Altera Error: # ** Error: Assertion violation.
ModelSim-Altera Info: #    Time: 70070 ns  Iteration: 0  Instance: /keyboard_tb
ModelSim-Altera Info: # ** Note: key_out is 0. Expected c
ModelSim-Altera Info: #    Time: 70070 ns  Iteration: 0  Instance: /keyboard_tb
ModelSim-Altera Info: # ** Note: key_out is == 0
ModelSim-Altera Info: #    Time: 70070 ns  Iteration: 0  Instance: /keyboard_tb
ModelSim-Altera Error: # ** Error: Assertion violation.
ModelSim-Altera Info: #    Time: 75075 ns  Iteration: 0  Instance: /keyboard_tb
ModelSim-Altera Info: # ** Note: key_out is 0. Expected d
ModelSim-Altera Info: #    Time: 75075 ns  Iteration: 0  Instance: /keyboard_tb
ModelSim-Altera Info: # ** Note: key_out is == 0
ModelSim-Altera Info: #    Time: 75075 ns  Iteration: 0  Instance: /keyboard_tb
ModelSim-Altera Error: # ** Error: Assertion violation.
ModelSim-Altera Info: #    Time: 80080 ns  Iteration: 0  Instance: /keyboard_tb
ModelSim-Altera Info: # ** Note: key_out is 0. Expected e
ModelSim-Altera Info: #    Time: 80080 ns  Iteration: 0  Instance: /keyboard_tb
ModelSim-Altera Info: # ** Note: key_out is == 0
ModelSim-Altera Info: #    Time: 80080 ns  Iteration: 0  Instance: /keyboard_tb
ModelSim-Altera Error: # ** Error: Assertion violation.
ModelSim-Altera Info: #    Time: 85085 ns  Iteration: 0  Instance: /keyboard_tb
ModelSim-Altera Info: # ** Note: key_out is 0. Expected f
ModelSim-Altera Info: #    Time: 85085 ns  Iteration: 0  Instance: /keyboard_tb
ModelSim-Altera Info: # ** Note: key_out is == 0
ModelSim-Altera Info: #    Time: 85085 ns  Iteration: 0  Instance: /keyboard_tb
ModelSim-Altera Info: # Break key hit 
ModelSim-Altera Info: # Break in ForLoop loop at C:/altera/13.0/modelsim_ase/win32aloem/../altera/vhdl/src/cycloneii/cycloneii_atoms.vhd line 5066
Error: Errors encountered while running modelsim do file
Error: NativeLink simulation flow was NOT successful



================The following additional information is provided to help identify the cause of error while running nativelink scripts=================
Nativelink TCL script failed with errorCode:  1
Nativelink TCL script failed with errorInfo:  1
    (procedure "launch_sim" line 1)
    invoked from within
"launch_sim launch_args_hash"
    ("eval" body line 1)
    invoked from within
"eval launch_sim launch_args_hash"
    invoked from within
"if [ info exists ::errorCode ] {
				set savedCode $::errorCode
				set savedInfo $::errorInfo
				error $result $savedInfo $savedCode
			} else {
			..."
    invoked from within
"if [catch {eval launch_sim launch_args_hash} result ] {
			set status 1
			if [ info exists ::errorCode ] {
				set savedCode $::errorCode
				set sav..."
    (procedure "run_sim" line 78)
    invoked from within
"run_sim run_sim_args_hash"
    invoked from within
"if [ info exists ::errorCode ] {
			set savedCode $::errorCode
			set savedInfo $::errorInfo
			error "$result" $savedInfo $savedCode
		} else {
			er..."
    (procedure "run_eda_simulation_tool" line 330)
    invoked from within
"run_eda_simulation_tool eda_opts_hash"
