Analysis & Synthesis report for keyboard
Sat Mar 21 12:12:22 2020
Quartus Prime Version 19.1.0 Build 670 09/22/2019 SJ Lite Edition


---------------------
; Table of Contents ;
---------------------
  1. Legal Notice
  2. Analysis & Synthesis Summary
  3. Analysis & Synthesis Settings
  4. Parallel Compilation
  5. Analysis & Synthesis Source Files Read
  6. Port Connectivity Checks: "frequencies:T2"
  7. Analysis & Synthesis Messages



----------------
; Legal Notice ;
----------------
Copyright (C) 2019  Intel Corporation. All rights reserved.
Your use of Intel Corporation's design tools, logic functions 
and other software and tools, and any partner logic 
functions, and any output files from any of the foregoing 
(including device programming or simulation files), and any 
associated documentation or information are expressly subject 
to the terms and conditions of the Intel Program License 
Subscription Agreement, the Intel Quartus Prime License Agreement,
the Intel FPGA IP License Agreement, or other applicable license
agreement, including, without limitation, that your use is for
the sole purpose of programming logic devices manufactured by
Intel and sold by Intel or its authorized distributors.  Please
refer to the applicable agreement for further details, at
https://fpgasoftware.intel.com/eula.



+---------------------------------------------------------------------------+
; Analysis & Synthesis Summary                                              ;
+-----------------------------+---------------------------------------------+
; Analysis & Synthesis Status ; Failed - Sat Mar 21 12:12:22 2020           ;
; Quartus Prime Version       ; 19.1.0 Build 670 09/22/2019 SJ Lite Edition ;
; Revision Name               ; keyboard                                    ;
; Top-level Entity Name       ; keyboard                                    ;
; Family                      ; MAX II                                      ;
+-----------------------------+---------------------------------------------+


+------------------------------------------------------------------------------------------------------------+
; Analysis & Synthesis Settings                                                                              ;
+------------------------------------------------------------------+--------------------+--------------------+
; Option                                                           ; Setting            ; Default Value      ;
+------------------------------------------------------------------+--------------------+--------------------+
; Top-level entity name                                            ; keyboard           ; keyboard           ;
; Family name                                                      ; MAX II             ; Cyclone V          ;
; Use smart compilation                                            ; Off                ; Off                ;
; Enable parallel Assembler and Timing Analyzer during compilation ; On                 ; On                 ;
; Enable compact report table                                      ; Off                ; Off                ;
; Restructure Multiplexers                                         ; Auto               ; Auto               ;
; Create Debugging Nodes for IP Cores                              ; Off                ; Off                ;
; Preserve fewer node names                                        ; On                 ; On                 ;
; Intel FPGA IP Evaluation Mode                                    ; Enable             ; Enable             ;
; Verilog Version                                                  ; Verilog_2001       ; Verilog_2001       ;
; VHDL Version                                                     ; VHDL_1993          ; VHDL_1993          ;
; State Machine Processing                                         ; Auto               ; Auto               ;
; Safe State Machine                                               ; Off                ; Off                ;
; Extract Verilog State Machines                                   ; On                 ; On                 ;
; Extract VHDL State Machines                                      ; On                 ; On                 ;
; Ignore Verilog initial constructs                                ; Off                ; Off                ;
; Iteration limit for constant Verilog loops                       ; 5000               ; 5000               ;
; Iteration limit for non-constant Verilog loops                   ; 250                ; 250                ;
; Add Pass-Through Logic to Inferred RAMs                          ; On                 ; On                 ;
; Infer RAMs from Raw Logic                                        ; On                 ; On                 ;
; Parallel Synthesis                                               ; On                 ; On                 ;
; NOT Gate Push-Back                                               ; On                 ; On                 ;
; Power-Up Don't Care                                              ; On                 ; On                 ;
; Remove Redundant Logic Cells                                     ; Off                ; Off                ;
; Remove Duplicate Registers                                       ; On                 ; On                 ;
; Ignore CARRY Buffers                                             ; Off                ; Off                ;
; Ignore CASCADE Buffers                                           ; Off                ; Off                ;
; Ignore GLOBAL Buffers                                            ; Off                ; Off                ;
; Ignore ROW GLOBAL Buffers                                        ; Off                ; Off                ;
; Ignore LCELL Buffers                                             ; Off                ; Off                ;
; Ignore SOFT Buffers                                              ; On                 ; On                 ;
; Limit AHDL Integers to 32 Bits                                   ; Off                ; Off                ;
; Optimization Technique                                           ; Balanced           ; Balanced           ;
; Carry Chain Length                                               ; 70                 ; 70                 ;
; Auto Carry Chains                                                ; On                 ; On                 ;
; Auto Open-Drain Pins                                             ; On                 ; On                 ;
; Perform WYSIWYG Primitive Resynthesis                            ; Off                ; Off                ;
; Auto Shift Register Replacement                                  ; Auto               ; Auto               ;
; Allow Shift Register Merging across Hierarchies                  ; Auto               ; Auto               ;
; Auto Clock Enable Replacement                                    ; On                 ; On                 ;
; Allow Synchronous Control Signals                                ; On                 ; On                 ;
; Force Use of Synchronous Clear Signals                           ; Off                ; Off                ;
; Auto Resource Sharing                                            ; Off                ; Off                ;
; Use LogicLock Constraints during Resource Balancing              ; On                 ; On                 ;
; Ignore translate_off and synthesis_off directives                ; Off                ; Off                ;
; Report Parameter Settings                                        ; On                 ; On                 ;
; Report Source Assignments                                        ; On                 ; On                 ;
; Report Connectivity Checks                                       ; On                 ; On                 ;
; Ignore Maximum Fan-Out Assignments                               ; Off                ; Off                ;
; Synchronization Register Chain Length                            ; 2                  ; 2                  ;
; Power Optimization During Synthesis                              ; Normal compilation ; Normal compilation ;
; HDL message level                                                ; Level2             ; Level2             ;
; Suppress Register Optimization Related Messages                  ; Off                ; Off                ;
; Number of Removed Registers Reported in Synthesis Report         ; 5000               ; 5000               ;
; Number of Swept Nodes Reported in Synthesis Report               ; 5000               ; 5000               ;
; Number of Inverted Registers Reported in Synthesis Report        ; 100                ; 100                ;
; Clock MUX Protection                                             ; On                 ; On                 ;
; Block Design Naming                                              ; Auto               ; Auto               ;
; Synthesis Effort                                                 ; Auto               ; Auto               ;
; Shift Register Replacement - Allow Asynchronous Clear Signal     ; On                 ; On                 ;
; Analysis & Synthesis Message Level                               ; Medium             ; Medium             ;
; Disable Register Merging Across Hierarchies                      ; Auto               ; Auto               ;
+------------------------------------------------------------------+--------------------+--------------------+


+------------------------------------------+
; Parallel Compilation                     ;
+----------------------------+-------------+
; Processors                 ; Number      ;
+----------------------------+-------------+
; Number detected on machine ; 2           ;
; Maximum allowed            ; 2           ;
;                            ;             ;
; Average used               ; 1.00        ;
; Maximum used               ; 1           ;
;                            ;             ;
; Usage by Processor         ; % Time Used ;
;     Processor 1            ; 100.0%      ;
+----------------------------+-------------+


+-----------------------------------------------------------------------------------------------------------------------------------------------------------------------------------------------------------+
; Analysis & Synthesis Source Files Read                                                                                                                                                                    ;
+----------------------------------+-----------------+------------------------------+-------------------------------------------------------------------------------------------------------------+---------+
; File Name with User-Entered Path ; Used in Netlist ; File Type                    ; File Name with Absolute Path                                                                                ; Library ;
+----------------------------------+-----------------+------------------------------+-------------------------------------------------------------------------------------------------------------+---------+
; keyboard.vhd                     ; yes             ; Auto-Found VHDL File         ; Z:/OneDrive/+ACademia/Computer Principles and Applications/Ex2/keyboard_stp_restored/keyboard.vhd           ;         ;
; frequencies.vhd                  ; yes             ; Auto-Found VHDL File         ; Z:/OneDrive/+ACademia/Computer Principles and Applications/Ex2/keyboard_stp_restored/frequencies.vhd        ;         ;
; sld_signaltap.vhd                ; yes             ; Megafunction                 ; c:/intelfpga_lite/19.1/quartus/libraries/megafunctions/sld_signaltap.vhd                                    ;         ;
; sld_signaltap_impl.vhd           ; yes             ; Encrypted Megafunction       ; c:/intelfpga_lite/19.1/quartus/libraries/megafunctions/sld_signaltap_impl.vhd                               ;         ;
; sld_ela_control.vhd              ; yes             ; Encrypted Megafunction       ; c:/intelfpga_lite/19.1/quartus/libraries/megafunctions/sld_ela_control.vhd                                  ;         ;
; lpm_shiftreg.tdf                 ; yes             ; Megafunction                 ; c:/intelfpga_lite/19.1/quartus/libraries/megafunctions/lpm_shiftreg.tdf                                     ;         ;
; lpm_constant.inc                 ; yes             ; Megafunction                 ; c:/intelfpga_lite/19.1/quartus/libraries/megafunctions/lpm_constant.inc                                     ;         ;
; dffeea.inc                       ; yes             ; Megafunction                 ; c:/intelfpga_lite/19.1/quartus/libraries/megafunctions/dffeea.inc                                           ;         ;
; aglobal191.inc                   ; yes             ; Megafunction                 ; c:/intelfpga_lite/19.1/quartus/libraries/megafunctions/aglobal191.inc                                       ;         ;
; sld_mbpmg.vhd                    ; yes             ; Encrypted Megafunction       ; c:/intelfpga_lite/19.1/quartus/libraries/megafunctions/sld_mbpmg.vhd                                        ;         ;
; sld_ela_trigger_flow_mgr.vhd     ; yes             ; Encrypted Megafunction       ; c:/intelfpga_lite/19.1/quartus/libraries/megafunctions/sld_ela_trigger_flow_mgr.vhd                         ;         ;
; sld_buffer_manager.vhd           ; yes             ; Encrypted Megafunction       ; c:/intelfpga_lite/19.1/quartus/libraries/megafunctions/sld_buffer_manager.vhd                               ;         ;
; altsyncram.tdf                   ; yes             ; Megafunction                 ; c:/intelfpga_lite/19.1/quartus/libraries/megafunctions/altsyncram.tdf                                       ;         ;
; stratix_ram_block.inc            ; yes             ; Megafunction                 ; c:/intelfpga_lite/19.1/quartus/libraries/megafunctions/stratix_ram_block.inc                                ;         ;
; lpm_mux.inc                      ; yes             ; Megafunction                 ; c:/intelfpga_lite/19.1/quartus/libraries/megafunctions/lpm_mux.inc                                          ;         ;
; lpm_decode.inc                   ; yes             ; Megafunction                 ; c:/intelfpga_lite/19.1/quartus/libraries/megafunctions/lpm_decode.inc                                       ;         ;
; a_rdenreg.inc                    ; yes             ; Megafunction                 ; c:/intelfpga_lite/19.1/quartus/libraries/megafunctions/a_rdenreg.inc                                        ;         ;
; altrom.inc                       ; yes             ; Megafunction                 ; c:/intelfpga_lite/19.1/quartus/libraries/megafunctions/altrom.inc                                           ;         ;
; altram.inc                       ; yes             ; Megafunction                 ; c:/intelfpga_lite/19.1/quartus/libraries/megafunctions/altram.inc                                           ;         ;
; altdpram.inc                     ; yes             ; Megafunction                 ; c:/intelfpga_lite/19.1/quartus/libraries/megafunctions/altdpram.inc                                         ;         ;
; db/altsyncram_7j14.tdf           ; yes             ; Auto-Generated Megafunction  ; Z:/OneDrive/+ACademia/Computer Principles and Applications/Ex2/keyboard_stp_restored/db/altsyncram_7j14.tdf ;         ;
+----------------------------------+-----------------+------------------------------+-------------------------------------------------------------------------------------------------------------+---------+


+----------------------------------------------+
; Port Connectivity Checks: "frequencies:T2"   ;
+------------+-------+----------+--------------+
; Port       ; Type  ; Severity ; Details      ;
+------------+-------+----------+--------------+
; mul[31..3] ; Input ; Info     ; Stuck at GND ;
; mul[2]     ; Input ; Info     ; Stuck at VCC ;
; mul[1]     ; Input ; Info     ; Stuck at GND ;
; mul[0]     ; Input ; Info     ; Stuck at VCC ;
+------------+-------+----------+--------------+


+-------------------------------+
; Analysis & Synthesis Messages ;
+-------------------------------+
Info: *******************************************************************
Info: Running Quartus Prime Analysis & Synthesis
    Info: Version 19.1.0 Build 670 09/22/2019 SJ Lite Edition
    Info: Processing started: Sat Mar 21 12:11:23 2020
Info: Command: quartus_map --read_settings_files=on --write_settings_files=off keyboard -c keyboard
Warning (18236): Number of processors has not been specified which may cause overloading on shared machines.  Set the global assignment NUM_PARALLEL_PROCESSORS in your QSF to an appropriate value for best performance.
Info (20030): Parallel compilation is enabled and will use 2 of the 2 processors detected
Warning (12125): Using design file keyboard.vhd, which is not specified as a design file for the current project, but contains definitions for 2 design units and 1 entities in project
    Info (12022): Found design unit 1: keyboard-behav File: Z:/OneDrive/+ACademia/Computer Principles and Applications/Ex2/keyboard_stp_restored/keyboard.vhd Line: 12
    Info (12023): Found entity 1: keyboard File: Z:/OneDrive/+ACademia/Computer Principles and Applications/Ex2/keyboard_stp_restored/keyboard.vhd Line: 4
Info (12127): Elaborating entity "keyboard" for the top level hierarchy
Warning (10036): Verilog HDL or VHDL warning at keyboard.vhd(17): object "clk1" assigned a value but never read File: Z:/OneDrive/+ACademia/Computer Principles and Applications/Ex2/keyboard_stp_restored/keyboard.vhd Line: 17
Warning (12125): Using design file frequencies.vhd, which is not specified as a design file for the current project, but contains definitions for 2 design units and 1 entities in project
    Info (12022): Found design unit 1: frequencies-behav File: Z:/OneDrive/+ACademia/Computer Principles and Applications/Ex2/keyboard_stp_restored/frequencies.vhd Line: 8
    Info (12023): Found entity 1: frequencies File: Z:/OneDrive/+ACademia/Computer Principles and Applications/Ex2/keyboard_stp_restored/frequencies.vhd Line: 3
Info (12128): Elaborating entity "frequencies" for hierarchy "frequencies:T2" File: Z:/OneDrive/+ACademia/Computer Principles and Applications/Ex2/keyboard_stp_restored/keyboard.vhd Line: 31
Critical Warning (12041): Signal Tap logic analyzer "auto_signaltap_0" can only tap post-fitting nodes in an incremental compilation.  The post-fitting taps will be considered pre-synthesis taps during regular compilation.
Info (12021): Found 1 design units, including 1 entities, in source file db/altsyncram_7j14.tdf
    Info (12023): Found entity 1: altsyncram_7j14 File: Z:/OneDrive/+ACademia/Computer Principles and Applications/Ex2/keyboard_stp_restored/db/altsyncram_7j14.tdf Line: 28
Error (12024): WYSIWYG primitive "ram_block1a0" is not compatible with the current device family File: Z:/OneDrive/+ACademia/Computer Principles and Applications/Ex2/keyboard_stp_restored/db/altsyncram_7j14.tdf Line: 40
Error (12024): WYSIWYG primitive "ram_block1a1" is not compatible with the current device family File: Z:/OneDrive/+ACademia/Computer Principles and Applications/Ex2/keyboard_stp_restored/db/altsyncram_7j14.tdf Line: 71
Error (12024): WYSIWYG primitive "ram_block1a2" is not compatible with the current device family File: Z:/OneDrive/+ACademia/Computer Principles and Applications/Ex2/keyboard_stp_restored/db/altsyncram_7j14.tdf Line: 102
Error (12024): WYSIWYG primitive "ram_block1a3" is not compatible with the current device family File: Z:/OneDrive/+ACademia/Computer Principles and Applications/Ex2/keyboard_stp_restored/db/altsyncram_7j14.tdf Line: 133
Error (12024): WYSIWYG primitive "ram_block1a4" is not compatible with the current device family File: Z:/OneDrive/+ACademia/Computer Principles and Applications/Ex2/keyboard_stp_restored/db/altsyncram_7j14.tdf Line: 164
Error (12024): WYSIWYG primitive "ram_block1a5" is not compatible with the current device family File: Z:/OneDrive/+ACademia/Computer Principles and Applications/Ex2/keyboard_stp_restored/db/altsyncram_7j14.tdf Line: 195
Error (12024): WYSIWYG primitive "ram_block1a6" is not compatible with the current device family File: Z:/OneDrive/+ACademia/Computer Principles and Applications/Ex2/keyboard_stp_restored/db/altsyncram_7j14.tdf Line: 226
Error (12024): WYSIWYG primitive "ram_block1a7" is not compatible with the current device family File: Z:/OneDrive/+ACademia/Computer Principles and Applications/Ex2/keyboard_stp_restored/db/altsyncram_7j14.tdf Line: 257
Error (12024): WYSIWYG primitive "ram_block1a8" is not compatible with the current device family File: Z:/OneDrive/+ACademia/Computer Principles and Applications/Ex2/keyboard_stp_restored/db/altsyncram_7j14.tdf Line: 288
Error (12024): WYSIWYG primitive "ram_block1a9" is not compatible with the current device family File: Z:/OneDrive/+ACademia/Computer Principles and Applications/Ex2/keyboard_stp_restored/db/altsyncram_7j14.tdf Line: 319
Error (12024): WYSIWYG primitive "ram_block1a10" is not compatible with the current device family File: Z:/OneDrive/+ACademia/Computer Principles and Applications/Ex2/keyboard_stp_restored/db/altsyncram_7j14.tdf Line: 350
Error (12024): WYSIWYG primitive "ram_block1a11" is not compatible with the current device family File: Z:/OneDrive/+ACademia/Computer Principles and Applications/Ex2/keyboard_stp_restored/db/altsyncram_7j14.tdf Line: 381
Error (12024): WYSIWYG primitive "ram_block1a12" is not compatible with the current device family File: Z:/OneDrive/+ACademia/Computer Principles and Applications/Ex2/keyboard_stp_restored/db/altsyncram_7j14.tdf Line: 412
Error (12024): WYSIWYG primitive "ram_block1a13" is not compatible with the current device family File: Z:/OneDrive/+ACademia/Computer Principles and Applications/Ex2/keyboard_stp_restored/db/altsyncram_7j14.tdf Line: 443
Error (12154): Can't elaborate inferred hierarchy "sld_signaltap:auto_signaltap_0|sld_signaltap_impl:sld_signaltap_body|sld_signaltap_implb:sld_signaltap_body|altsyncram:\stp_non_zero_ram_gen:stp_buffer_ram|altsyncram_7j14:auto_generated" File: c:/intelfpga_lite/19.1/quartus/libraries/megafunctions/altsyncram.tdf Line: 792
Error: Quartus Prime Analysis & Synthesis was unsuccessful. 15 errors, 5 warnings
    Error: Peak virtual memory: 4811 megabytes
    Error: Processing ended: Sat Mar 21 12:12:22 2020
    Error: Elapsed time: 00:00:59
    Error: Total CPU time (on all processors): 00:00:57


